\BOOKMARK [1][-]{section.1}{\376\377\000F\000o\000r\000o\000r\000d}{}% 1
\BOOKMARK [1][-]{section.2}{\376\377\000I\000n\000t\000r\000o\000d\000u\000c\000t\000i\000o\000n\000\040\000t\000o\000\040\000t\000h\000e\000r\000m\000o\000d\000y\000n\000a\000m\000i\000c\000s}{}% 2
\BOOKMARK [2][-]{subsection.2.1}{\376\377\000G\000e\000n\000e\000r\000a\000l\000\040\000h\000e\000a\000t\000\040\000e\000n\000g\000i\000n\000e\000s}{section.2}% 3
\BOOKMARK [2][-]{subsection.2.2}{\376\377\000T\000h\000e\000\040\000l\000a\000w\000s\000\040\000o\000f\000\040\000t\000h\000e\000r\000m\000o\000d\000y\000n\000a\000m\000i\000c\000s}{section.2}% 4
\BOOKMARK [2][-]{subsection.2.3}{\376\377\000T\000y\000p\000e\000s\000\040\000o\000f\000\040\000t\000h\000e\000r\000m\000o\000d\000y\000n\000a\000m\000i\000c\000a\000l\000\040\000s\000y\000s\000t\000e\000m\000s}{section.2}% 5
\BOOKMARK [2][-]{subsection.2.4}{\376\377\000T\000e\000r\000m\000o\000d\000y\000n\000a\000m\000i\000s\000k\000e\000\040\000p\000r\000o\000c\000e\000s\000s\000e\000r}{section.2}% 6
\BOOKMARK [2][-]{subsection.2.5}{\376\377\000I\000d\000e\000a\000l\000g\000a\000s\000l\000i\000g\000n\000i\000n\000g\000e\000n}{section.2}% 7
\BOOKMARK [1][-]{section.3}{\376\377\000E\000n\000e\000r\000g\000i}{}% 8
\BOOKMARK [2][-]{subsection.3.1}{\376\377\000M\000i\000k\000r\000o\000s\000k\000o\000p\000i\000s\000k\000e\000\040\000e\000n\000e\000r\000g\000i\000e\000r\000\040\000f\000o\000r\000\040\000e\000t\000\040\000s\000t\000o\000f}{section.3}% 9
\BOOKMARK [2][-]{subsection.3.2}{\376\377\000M\000a\000k\000r\000o\000s\000k\000o\000p\000i\000s\000k\000e\000\040\000e\000n\000e\000r\000g\000i\000e\000r}{section.3}% 10
\BOOKMARK [2][-]{subsection.3.3}{\376\377\000E\000n\000e\000r\000g\000i\000u\000d\000v\000e\000k\000s\000l\000i\000n\000g\000\040\000f\000o\000r\000\040\000e\000t\000\040\000s\000y\000s\000t\000e\000m}{section.3}% 11
\BOOKMARK [2][-]{subsection.3.4}{\376\377\000E\000n\000t\000a\000l\000p\000i}{section.3}% 12
\BOOKMARK [1][-]{section.4}{\376\377\000A\000r\000b\000e\000j\000d\000e}{}% 13
\BOOKMARK [2][-]{subsection.4.1}{\376\377\000V\000i\000r\000k\000n\000i\000n\000g\000s\000g\000r\000a\000d}{section.4}% 14
\BOOKMARK [1][-]{section.5}{\376\377\000F\000a\000s\000e\000s\000r\000\040\000f\000o\000r\000\040\000k\000e\000m\000i\000s\000k\000\040\000h\000o\000m\000o\000g\000e\000n\000e\000\040\000s\000t\000o\000f\000f\000e\000r}{}% 15
\BOOKMARK [2][-]{subsection.5.1}{\376\377\000F\000a\000s\000e\000s\000k\000i\000f\000t\000e}{section.5}% 16
\BOOKMARK [2][-]{subsection.5.2}{\376\377\000T\000i\000l\000s\000t\000a\000n\000d\000s\000d\000i\000a\000g\000r\000a\000m\000m\000e\000r}{section.5}% 17
\BOOKMARK [1][-]{section.6}{\376\377\000S\000p\000e\000c\000i\000f\000i\000k\000\040\000v\000a\000r\000m\000e\000k\000a\000p\000a\000c\000i\000t\000e\000t\000\040\000o\000g\000\040\000e\000n\000e\000r\000g\000i\000b\000e\000r\000e\000g\000n\000i\000n\000g\000e\000r}{}% 18
\BOOKMARK [1][-]{section.7}{\376\377\000E\000n\000e\000r\000g\000i\000a\000n\000a\000l\000y\000s\000e\000\040\000a\000f\000\040\000l\000u\000k\000k\000e\000d\000e\000\040\000s\000y\000s\000t\000e\000m\000e\000r}{}% 19
\BOOKMARK [2][-]{subsection.7.1}{\376\377\000V\000o\000l\000u\000m\000e\000n\000\346\000n\000d\000r\000i\000n\000g\000s\000a\000r\000b\000e\000j\000d\000e\000t}{section.7}% 20
\BOOKMARK [2][-]{subsection.7.2}{\376\377\000F\000o\000r\000s\000k\000e\000l\000l\000i\000g\000e\000\040\000p\000r\000o\000c\000e\000s\000f\000o\000r\000l\000\370\000b\000\040\000f\000o\000r\000\040\000l\000u\000k\000k\000e\000d\000e\000\040\000s\000y\000s\000t\000e\000m\000e\000r}{section.7}% 21
\BOOKMARK [3][-]{subsubsection.7.2.1}{\376\377\000I\000s\000o\000k\000o\000r\000i\000s\000k\000\040\000t\000i\000l\000s\000t\000a\000n\000d\000s\000\346\000n\000d\000r\000i\000n\000g}{subsection.7.2}% 22
\BOOKMARK [3][-]{subsubsection.7.2.2}{\376\377\000I\000s\000o\000b\000a\000r\000i\000s\000k\000\040\000t\000i\000l\000s\000t\000a\000n\000d\000s\000\346\000n\000d\000r\000i\000n\000g}{subsection.7.2}% 23
\BOOKMARK [3][-]{subsubsection.7.2.3}{\376\377\000I\000s\000o\000t\000e\000r\000m\000i\000s\000k\000\040\000t\000i\000l\000s\000t\000a\000n\000d\000s\000\346\000n\000d\000r\000i\000n\000g}{subsection.7.2}% 24
\BOOKMARK [3][-]{subsubsection.7.2.4}{\376\377\000P\000o\000l\000y\000t\000r\000o\000p\000i\000s\000k\000\040\000t\000i\000l\000s\000t\000a\000n\000d\000s\000\346\000n\000d\000r\000i\000n\000g}{subsection.7.2}% 25
\BOOKMARK [1][-]{section.8}{\376\377\000M\000a\000s\000s\000e\000-\000\040\000o\000g\000\040\000e\000n\000e\000r\000g\000i\000a\000n\000a\000l\000y\000s\000e\000\040\000a\000f\000\040\000\345\000b\000n\000e\000\040\000s\000y\000s\000t\000e\000m\000e\000r}{}% 26
\BOOKMARK [2][-]{subsection.8.1}{\376\377\000T\000e\000k\000n\000i\000s\000k\000\040\000a\000r\000b\000e\000j\000d\000e}{section.8}% 27
\BOOKMARK [2][-]{subsection.8.2}{\376\377\000F\000o\000r\000s\000k\000e\000l\000l\000i\000g\000e\000\040\000p\000r\000o\000c\000e\000s\000f\000o\000r\000l\000\370\000b\000\040\000f\000o\000r\000\040\000\345\000b\000n\000e\000\040\000s\000y\000s\000t\000e\000m\000e\000r}{section.8}% 28
\BOOKMARK [3][-]{subsubsection.8.2.1}{\376\377\000I\000s\000o\000k\000o\000r\000i\000s\000k\000\040\000t\000i\000l\000s\000t\000a\000n\000d\000s\000\346\000n\000d\000r\000i\000n\000g}{subsection.8.2}% 29
\BOOKMARK [3][-]{subsubsection.8.2.2}{\376\377\000I\000s\000o\000b\000a\000r\000i\000s\000k\000\040\000t\000i\000l\000s\000t\000a\000n\000d\000s\000\346\000n\000d\000r\000i\000n\000g}{subsection.8.2}% 30
\BOOKMARK [3][-]{subsubsection.8.2.3}{\376\377\000I\000s\000o\000t\000e\000r\000m\000i\000s\000k\000\040\000t\000i\000l\000s\000t\000a\000n\000d\000s\000\346\000n\000d\000r\000i\000n\000g}{subsection.8.2}% 31
\BOOKMARK [3][-]{subsubsection.8.2.4}{\376\377\000P\000o\000l\000y\000t\000r\000o\000p\000i\000s\000k\000\040\000t\000i\000l\000s\000t\000a\000n\000d\000s\000\346\000n\000d\000r\000i\000n\000g}{subsection.8.2}% 32
\BOOKMARK [2][-]{subsection.8.3}{\376\377\000M\000a\000s\000s\000e\000-\000\040\000o\000g\000\040\000e\000n\000e\000r\000g\000i\000b\000a\000l\000a\000n\000c\000e\000\040\000f\000o\000r\000\040\000e\000t\000\040\000k\000n\000u\000d\000e\000p\000u\000n\000k\000t}{section.8}% 33
\BOOKMARK [2][-]{subsection.8.4}{\376\377\000\305\000b\000n\000e\000\040\000k\000o\000m\000p\000o\000n\000e\000n\000t\000e\000r\000\040\000o\000g\000\040\000m\000a\000s\000k\000i\000n\000e\000r}{section.8}% 34
\BOOKMARK [3][-]{subsubsection.8.4.1}{\376\377\000D\000y\000s\000e\000r\000\040\000o\000g\000\040\000d\000i\000f\000f\000u\000s\000e\000r\000e}{subsection.8.4}% 35
\BOOKMARK [3][-]{subsubsection.8.4.2}{\376\377\000P\000u\000m\000p\000e\000r}{subsection.8.4}% 36
\BOOKMARK [3][-]{subsubsection.8.4.3}{\376\377\000T\000u\000r\000b\000i\000n\000e\000r\000\040\000o\000g\000\040\000k\000o\000m\000p\000r\000e\000s\000s\000o\000r\000e\000r}{subsection.8.4}% 37
\BOOKMARK [3][-]{subsubsection.8.4.4}{\376\377\000V\000a\000r\000m\000e\000v\000e\000k\000s\000l\000e\000r\000e}{subsection.8.4}% 38
\BOOKMARK [3][-]{subsubsection.8.4.5}{\376\377\000D\000r\000\370\000v\000l\000e\000o\000r\000g\000a\000n\000e\000r}{subsection.8.4}% 39
\BOOKMARK [1][-]{section.9}{\376\377\000I\000d\000e\000e\000l\000l\000e\000\040\000o\000g\000\040\000i\000k\000k\000e\000-\000i\000d\000e\000e\000l\000l\000e\000\040\000p\000r\000o\000c\000e\000s\000s\000e\000r}{}% 40
\BOOKMARK [2][-]{subsection.9.1}{\376\377\000I\000n\000t\000r\000o\000d\000u\000k\000t\000i\000o\000n\000\040\000t\000i\000l\000\040\000e\000n\000t\000r\000o\000p\000i}{section.9}% 41
\BOOKMARK [2][-]{subsection.9.2}{\376\377\000I\000s\000e\000n\000t\000r\000o\000p\000i\000s\000k\000e\000\040\000p\000r\000o\000c\000e\000s\000s\000e\000r}{section.9}% 42
\BOOKMARK [2][-]{subsection.9.3}{\376\377\000E\000n\000t\000r\000o\000p\000i\000\346\000n\000d\000r\000i\000n\000g\000\040\000f\000o\000r\000\040\000p\000r\000o\000c\000e\000s\000s\000e\000r}{section.9}% 43
\BOOKMARK [3][-]{subsubsection.9.3.1}{\376\377\000E\000n\000t\000r\000o\000p\000i\000\346\000n\000d\000r\000i\000n\000g\000\040\000f\000o\000r\000\040\000e\000n\000\040\000i\000s\000o\000b\000a\000r\000\040\000p\000r\000o\000c\000e\000s\000s}{subsection.9.3}% 44
\BOOKMARK [3][-]{subsubsection.9.3.2}{\376\377\000E\000n\000t\000r\000o\000p\000i\000\346\000n\000d\000r\000i\000n\000g\000\040\000f\000o\000r\000\040\000e\000n\000\040\000i\000s\000o\000t\000e\000r\000m\000i\000s\000k\000\040\000p\000r\000o\000c\000e\000s}{subsection.9.3}% 45
\BOOKMARK [3][-]{subsubsection.9.3.3}{\376\377\000E\000n\000t\000r\000o\000p\000i\000\346\000n\000d\000r\000i\000n\000g\000\040\000f\000o\000r\000\040\000e\000n\000\040\000i\000s\000o\000k\000o\000r\000i\000s\000k\000\040\000p\000r\000o\000c\000e\000s}{subsection.9.3}% 46
\BOOKMARK [3][-]{subsubsection.9.3.4}{\376\377\000E\000n\000t\000r\000o\000p\000i\000\346\000n\000d\000r\000i\000n\000g\000\040\000f\000o\000r\000\040\000e\000n\000\040\000p\000o\000l\000y\000t\000r\000o\000p\000i\000s\000k\000\040\000p\000r\000o\000c\000e\000s}{subsection.9.3}% 47
\BOOKMARK [2][-]{subsection.9.4}{\376\377\000E\000n\000t\000r\000o\000p\000i\000\346\000n\000d\000r\000i\000n\000g\000\040\000f\000o\000r\000\040\000k\000r\000e\000d\000s\000p\000r\000o\000c\000e\000s\000s\000e\000r}{section.9}% 48
\BOOKMARK [3][-]{subsubsection.9.4.1}{\376\377\000C\000a\000r\000n\000o\000t\000\040\000k\000r\000e\000d\000s\000p\000r\000o\000c\000e\000s}{subsection.9.4}% 49
\BOOKMARK [3][-]{subsubsection.9.4.2}{\376\377\000C\000a\000r\000n\000o\000t\000s\000\040\000a\000r\000b\000e\000j\000d\000s\000p\000r\000o\000d\000u\000c\000e\000r\000e\000n\000d\000e\000\040\000m\000a\000s\000k\000i\000n\000e}{subsection.9.4}% 50
\BOOKMARK [3][-]{subsubsection.9.4.3}{\376\377\000C\000a\000r\000n\000o\000t\000s\000\040\000a\000r\000b\000e\000j\000d\000s\000k\000o\000n\000s\000u\000m\000e\000r\000e\000n\000d\000e\000\040\000m\000a\000s\000k\000i\000n\000e}{subsection.9.4}% 51
\BOOKMARK [2][-]{subsection.9.5}{\376\377\000I\000s\000e\000n\000t\000r\000o\000p\000i\000s\000k\000\040\000v\000i\000r\000k\000n\000i\000n\000g\000s\000g\000r\000a\000d}{section.9}% 52
\BOOKMARK [3][-]{subsubsection.9.5.1}{\376\377\000T\000u\000r\000b\000i\000n\000e}{subsection.9.5}% 53
\BOOKMARK [3][-]{subsubsection.9.5.2}{\376\377\000K\000o\000m\000p\000r\000e\000s\000s\000o\000r}{subsection.9.5}% 54
\BOOKMARK [3][-]{subsubsection.9.5.3}{\376\377\000P\000u\000m\000p\000e}{subsection.9.5}% 55
\BOOKMARK [3][-]{subsubsection.9.5.4}{\376\377\000D\000y\000s\000e}{subsection.9.5}% 56
\BOOKMARK [2][-]{subsection.9.6}{\376\377\000E\000n\000t\000r\000o\000p\000i\000\040\000b\000a\000l\000a\000n\000c\000e}{section.9}% 57
\BOOKMARK [1][-]{section.10}{\376\377\000K\000r\000a\000f\000t\000v\000\346\000r\000k\000e\000r}{}% 58
\BOOKMARK [2][-]{subsection.10.1}{\376\377\000R\000a\000n\000k\000i\000n\000e\000\040\000k\000r\000e\000d\000s\000p\000r\000o\000c\000e\000s\000s\000e\000n}{section.10}% 59
\BOOKMARK [2][-]{subsection.10.2}{\376\377\000K\000r\000a\000f\000t\000v\000\346\000r\000k\000e\000t}{section.10}% 60
\BOOKMARK [3][-]{subsubsection.10.2.1}{\376\377\000K\000r\000a\000f\000t\000v\000\346\000r\000k\000e\000t\000s\000\040\000b\000a\000s\000i\000s\000k\000r\000e\000d\000s\000p\000r\000o\000c\000e\000s}{subsection.10.2}% 61
\BOOKMARK [3][-]{subsubsection.10.2.2}{\376\377\000F\000\370\000d\000e\000v\000a\000n\000d\000s\000f\000o\000r\000v\000a\000r\000m\000i\000n\000g}{subsection.10.2}% 62
\BOOKMARK [3][-]{subsubsection.10.2.3}{\376\377\000T\000u\000r\000b\000i\000n\000e\000k\000o\000n\000d\000e\000n\000s\000e\000r}{subsection.10.2}% 63
\BOOKMARK [2][-]{subsection.10.3}{\376\377\000K\000r\000a\000f\000t\000v\000a\000r\000m\000e\000v\000\346\000r\000k\000e\000t}{section.10}% 64
\BOOKMARK [2][-]{subsection.10.4}{\376\377\000O\000p\000t\000i\000m\000e\000r\000i\000n\000g\000\040\000a\000f\000\040\000R\000a\000n\000k\000i\000n\000e\000\040\000k\000r\000e\000d\000s\000p\000r\000o\000c\000e\000s\000s\000e\000n}{section.10}% 65
\BOOKMARK [2][-]{subsection.10.5}{\376\377\000O\000r\000g\000a\000n\000i\000c\000\040\000R\000a\000n\000k\000i\000n\000e\000\040\000C\000y\000c\000l\000e\000\040\000\050\000O\000R\000C\000\051}{section.10}% 66
\BOOKMARK [2][-]{subsection.10.6}{\376\377\000S\000a\000m\000l\000e\000t\000\040\000B\000r\000a\000y\000t\000o\000n\000\040\000o\000g\000\040\000R\000a\000n\000k\000i\000n\000e\000\040\000k\000r\000e\000d\000s\000p\000r\000o\000c\000e\000s\000s\000\040\040\023\000\040\000K\000o\000m\000b\000i\000n\000e\000r\000e\000t\000\040\000p\000r\000o\000c\000e\000s}{section.10}% 67
\BOOKMARK [1][-]{section.11}{\376\377\000M\000o\000t\000o\000r\000e\000r\000\040\000o\000g\000\040\000g\000a\000s\000t\000u\000r\000b\000i\000n\000e\000r}{}% 68
\BOOKMARK [2][-]{subsection.11.1}{\376\377\000B\000e\000r\000e\000g\000n\000i\000n\000g\000s\000f\000o\000r\000u\000d\000s\000\346\000t\000n\000i\000n\000g\000e\000r}{section.11}% 69
\BOOKMARK [3][-]{subsubsection.11.1.1}{\376\377\000A\000r\000b\000e\000j\000d\000s\000m\000e\000d\000i\000e\000t\000\040\000i\000\040\000a\000n\000l\000\346\000g\000g\000e\000t}{subsection.11.1}% 70
\BOOKMARK [3][-]{subsubsection.11.1.2}{\376\377\000S\000t\000e\000m\000p\000e\000l\000m\000a\000s\000k\000i\000n\000e\000r}{subsection.11.1}% 71
\BOOKMARK [2][-]{subsection.11.2}{\376\377\000O\000t\000t\000o\000-\000m\000o\000t\000o\000r\000e\000n}{section.11}% 72
\BOOKMARK [3][-]{subsubsection.11.2.1}{\376\377\000O\000t\000t\000o\000-\000m\000o\000t\000o\000r\000e\000n\000s\000\040\000v\000i\000r\000k\000e\000m\000\345\000d\000e}{subsection.11.2}% 73
\BOOKMARK [3][-]{subsubsection.11.2.2}{\376\377\000I\000d\000e\000a\000l\000i\000s\000e\000r\000e\000t\000\040\000b\000e\000r\000e\000g\000n\000i\000n\000g\000s\000p\000r\000o\000c\000e\000d\000u\000r\000e\000\040\040\023\000\040\000v\000o\000l\000u\000m\000e\000n\000\346\000n\000d\000r\000i\000n\000g\000s\000a\000r\000b\000e\000j\000d\000e\000t\000,\000\040\000a\000k\000s\000e\000l\000a\000r\000b\000e\000j\000d\000e}{subsection.11.2}% 74
\BOOKMARK [3][-]{subsubsection.11.2.3}{\376\377\000I\000d\000e\000a\000l\000i\000s\000e\000r\000e\000t\000\040\000b\000e\000r\000e\000g\000n\000i\000n\000g\000s\000p\000r\000o\000c\000e\000d\000u\000r\000e\000,\000\040\000v\000i\000r\000k\000n\000i\000n\000g\000s\000g\000r\000a\000d}{subsection.11.2}% 75
\BOOKMARK [2][-]{subsection.11.3}{\376\377\000D\000i\000e\000s\000e\000l\000\040\000m\000o\000t\000o\000r\000e\000n}{section.11}% 76
\BOOKMARK [3][-]{subsubsection.11.3.1}{\376\377\000D\000i\000e\000s\000e\000l\000m\000o\000t\000o\000r\000e\000n\000s\000\040\000v\000i\000r\000k\000e\000m\000\345\000d\000e}{subsection.11.3}% 77
\BOOKMARK [3][-]{subsubsection.11.3.2}{\376\377\000I\000d\000e\000a\000l\000i\000s\000e\000r\000e\000t\000\040\000b\000e\000r\000e\000g\000n\000i\000n\000g\000s\000p\000r\000o\000c\000e\000d\000u\000r\000e\000\040\040\023\000\040\000v\000a\000r\000m\000e\000b\000a\000l\000a\000n\000c\000e\000m\000e\000t\000o\000d\000e\000n\000,\000\040\000a\000k\000s\000e\000l\000a\000r\000b\000e\000j\000d\000e}{subsection.11.3}% 78
\BOOKMARK [3][-]{subsubsection.11.3.3}{\376\377\000I\000d\000e\000a\000l\000i\000s\000e\000r\000e\000t\000\040\000b\000e\000r\000e\000g\000n\000i\000n\000g\000s\000p\000r\000o\000c\000e\000d\000u\000r\000e\000\040\040\023\000\040\000v\000o\000l\000u\000m\000e\000n\000\346\000n\000d\000r\000i\000n\000g\000s\000a\000r\000b\000e\000j\000d\000s\000m\000e\000t\000o\000d\000e\000n\000,\000\040\000a\000k\000s\000e\000l\000a\000r\000b\000e\000j\000d\000e}{subsection.11.3}% 79
\BOOKMARK [3][-]{subsubsection.11.3.4}{\376\377\000I\000d\000e\000a\000l\000i\000s\000e\000r\000e\000t\000\040\000b\000e\000r\000e\000g\000n\000i\000n\000g\000s\000p\000r\000o\000c\000e\000d\000u\000r\000e\000,\000\040\000v\000i\000r\000k\000n\000i\000n\000g\000s\000g\000r\000a\000d}{subsection.11.3}% 80
\BOOKMARK [2][-]{subsection.11.4}{\376\377\000G\000a\000s\000t\000u\000r\000b\000i\000n\000e\000n}{section.11}% 81
\BOOKMARK [3][-]{subsubsection.11.4.1}{\376\377\000G\000a\000s\000t\000u\000r\000b\000i\000n\000e\000n\000s\000\040\000o\000p\000b\000y\000g\000n\000i\000n\000g\000\040\000o\000g\000\040\000v\000i\000r\000k\000e\000m\000\345\000d\000e}{subsection.11.4}% 82
\BOOKMARK [3][-]{subsubsection.11.4.2}{\376\377\000I\000d\000e\000a\000l\000i\000s\000e\000r\000e\000t\000\040\000b\000e\000r\000e\000g\000n\000i\000n\000g\000s\000p\000r\000o\000c\000e\000d\000u\000r\000e\000\040\040\020\000\040\000v\000a\000r\000m\000e\000b\000a\000l\000a\000n\000c\000e\000m\000e\000t\000o\000d\000e\000n\000,\000\040\000a\000k\000s\000e\000l\000a\000r\000b\000e\000j\000d\000e}{subsection.11.4}% 83
\BOOKMARK [3][-]{subsubsection.11.4.3}{\376\377\000I\000d\000e\000a\000l\000i\000s\000e\000r\000e\000t\000\040\000b\000e\000r\000e\000g\000n\000i\000n\000g\000s\000p\000r\000o\000c\000e\000d\000u\000r\000e\000\040\040\020\000\040\000v\000o\000l\000u\000m\000e\000n\000\346\000n\000d\000r\000i\000n\000g\000s\000a\000r\000b\000e\000j\000d\000s\000m\000e\000t\000o\000d\000e\000n\000,\000\040\000a\000k\000s\000e\000l\000a\000r\000b\000e\000j\000d\000e}{subsection.11.4}% 84
\BOOKMARK [3][-]{subsubsection.11.4.4}{\376\377\000I\000d\000e\000a\000l\000i\000s\000e\000r\000e\000t\000\040\000b\000e\000r\000e\000g\000n\000i\000n\000g\000s\000p\000r\000o\000c\000e\000d\000u\000r\000e\000,\000\040\000v\000i\000r\000k\000n\000i\000n\000g\000s\000g\000r\000a\000d}{subsection.11.4}% 85
\BOOKMARK [1][-]{section.12}{\376\377\000K\000\370\000l\000e\000m\000a\000s\000k\000i\000n\000e\000r\000\040\000o\000g\000\040\000v\000a\000r\000m\000e\000p\000u\000m\000p\000e\000r}{}% 86
\BOOKMARK [2][-]{subsection.12.1}{\376\377\000K\000\370\000l\000e\000k\000r\000e\000d\000s\000p\000r\000o\000c\000e\000s\000s\000e\000n}{section.12}% 87
\BOOKMARK [2][-]{subsection.12.2}{\376\377\000K\000\370\000l\000e\000m\000i\000d\000l\000e\000r}{section.12}% 88
\BOOKMARK [2][-]{subsection.12.3}{\376\377\000O\000p\000t\000i\000m\000e\000r\000i\000n\000g\000\040\000a\000f\000\040\000k\000r\000e\000d\000s\000p\000r\000o\000c\000e\000s\000s\000e\000n}{section.12}% 89
\BOOKMARK [3][-]{subsubsection.12.3.1}{\376\377\000\311\000t\000-\000t\000r\000i\000n\000s\000\040\000a\000n\000l\000\346\000g}{subsection.12.3}% 90
\BOOKMARK [3][-]{subsubsection.12.3.2}{\376\377\000T\000o\000-\000t\000r\000i\000n\000s\000\040\000a\000n\000l\000\346\000g\000\040\000m\000e\000d\000\040\000m\000e\000l\000l\000e\000m\000k\000\370\000l\000i\000n\000g}{subsection.12.3}% 91
\BOOKMARK [1][-]{section.13}{\376\377\000G\000a\000s\000b\000l\000a\000n\000d\000i\000n\000g\000e\000r}{}% 92
\BOOKMARK [2][-]{subsection.13.1}{\376\377\000F\000o\000r\000m\000l\000e\000r\000\040\000f\000o\000r\000\040\000a\000n\000g\000i\000v\000e\000l\000s\000e\000\040\000a\000f\000\040\000s\000a\000m\000m\000e\000n\000s\000\346\000t\000n\000i\000n\000g\000\040\000a\000f\000\040\000e\000n\000\040\000g\000a\000s\000b\000l\000a\000n\000d\000i\000n\000g}{section.13}% 93
\BOOKMARK [2][-]{subsection.13.2}{\376\377\000D\000a\000l\000t\000o\000n\000s\000\040\000l\000o\000v\000\040\000o\000g\000\040\000p\000a\000r\000t\000i\000a\000l\000t\000r\000y\000k}{section.13}% 94
\BOOKMARK [2][-]{subsection.13.3}{\376\377\000T\000i\000l\000s\000t\000a\000n\000d\000s\000s\000t\000\370\000r\000r\000e\000l\000s\000e\000r\000\040\000o\000g\000\040\000s\000t\000o\000f\000v\000\346\000r\000d\000i\000e\000r\000\040\000f\000o\000r\000\040\000g\000a\000s\000b\000l\000a\000n\000d\000i\000n\000g\000e\000r}{section.13}% 95
\BOOKMARK [3][-]{subsubsection.13.3.1}{\376\377\000G\000a\000s\000k\000o\000n\000s\000t\000a\000n\000t}{subsection.13.3}% 96
\BOOKMARK [3][-]{subsubsection.13.3.2}{\376\377\000S\000p\000e\000c\000i\000f\000i\000k\000t\000\040\000v\000o\000l\000u\000m\000e\000n}{subsection.13.3}% 97
\BOOKMARK [3][-]{subsubsection.13.3.3}{\376\377\000D\000e\000n\000s\000i\000t\000e\000t}{subsection.13.3}% 98
\BOOKMARK [3][-]{subsubsection.13.3.4}{\376\377\000M\000o\000l\000m\000a\000s\000s\000e}{subsection.13.3}% 99
\BOOKMARK [3][-]{subsubsection.13.3.5}{\376\377\000S\000p\000e\000c\000i\000f\000i\000k\000\040\000v\000a\000r\000m\000e\000k\000a\000p\000a\000c\000i\000t\000e\000t}{subsection.13.3}% 100
\BOOKMARK [3][-]{subsubsection.13.3.6}{\376\377\000V\000i\000s\000k\000o\000s\000i\000t\000e\000t\000\040\000o\000g\000\040\000v\000a\000r\000m\000e\000l\000e\000d\000n\000i\000n\000g\000s\000e\000v\000n\000e}{subsection.13.3}% 101
\BOOKMARK [2][-]{subsection.13.4}{\376\377\000G\000a\000s\000b\000l\000a\000n\000d\000i\000n\000g\000e\000r\000\040\000a\000n\000g\000i\000v\000e\000t\000\040\000p\000\345\000\040\000t\000\370\000r\000\040\000o\000g\000\040\000v\000\345\000d\000\040\000b\000a\000s\000i\000s}{section.13}% 102
\BOOKMARK [1][-]{section.14}{\376\377\000F\000u\000g\000t\000i\000g\000\040\000l\000u\000f\000t}{}% 103
\BOOKMARK [2][-]{subsection.14.1}{\376\377\000T\000\370\000r\000t\000\040\000o\000g\000\040\000f\000u\000g\000t\000i\000g\000t\000\040\000f\000l\000o\000w\000\040\000a\000f\000\040\000l\000u\000f\000t}{section.14}% 104
\BOOKMARK [2][-]{subsection.14.2}{\376\377\000R\000e\000l\000a\000t\000i\000v\000\040\000o\000g\000\040\000a\000b\000s\000o\000l\000u\000t\000\040\000f\000u\000g\000t\000i\000g\000h\000e\000d}{section.14}% 105
\BOOKMARK [2][-]{subsection.14.3}{\376\377\000E\000n\000e\000r\000g\000i\000i\000n\000d\000h\000o\000l\000d\000\040\000i\000\040\000f\000u\000g\000t\000i\000g\000\040\000l\000u\000f\000t\000\040\000o\000g\000\040\000d\000e\000n\000s\000i\000t\000e\000t}{section.14}% 106
\BOOKMARK [3][-]{subsubsection.14.3.1}{\376\377\000E\000n\000t\000a\000l\000p\000i\000\040\000b\000a\000s\000e\000r\000e\000t\000\040\000p\000\345\000\040\000v\000\346\000g\000t\000\040\000a\000f\000\040\000d\000e\000n\000\040\000f\000u\000g\000t\000i\000g\000e\000\040\000l\000u\000f\000t}{subsection.14.3}% 107
\BOOKMARK [3][-]{subsubsection.14.3.2}{\376\377\000E\000n\000t\000a\000l\000p\000i\000\040\000b\000a\000s\000e\000r\000e\000t\000\040\000p\000\345\000\040\000v\000\346\000g\000t\000\040\000a\000f\000\040\000d\000e\000n\000\040\000t\000\370\000r\000r\000e\000\040\000l\000u\000f\000t\000\040\000a\000n\000d\000e\000l\000\040\000a\000f\000\040\000d\000e\000n\000\040\000f\000u\000g\000t\000i\000g\000e\000\040\000l\000u\000f\000t}{subsection.14.3}% 108
\BOOKMARK [3][-]{subsubsection.14.3.3}{\376\377\000D\000e\000n\000s\000i\000t\000e\000t\000\040\000f\000o\000r\000\040\000f\000u\000g\000t\000i\000g\000\040\000l\000u\000f\000t\000\040\000s\000o\000m\000\040\000f\000u\000n\000k\000t\000i\000o\000n\000\040\000a\000f\000\040\000d\000e\000n\000\040\000a\000b\000s\000o\000l\000u\000t\000t\000e\000\040\000f\000u\000g\000t\000i\000g\000h\000e\000d}{subsection.14.3}% 109
\BOOKMARK [2][-]{subsection.14.4}{\376\377\000M\000a\000s\000s\000e\000-\000\040\000o\000g\000\040\000e\000n\000e\000r\000g\000i\000b\000e\000v\000a\000r\000e\000l\000s\000e\000\040\000i\000\040\000k\000n\000u\000d\000e\000p\000u\000n\000k\000t\000e\000r}{section.14}% 110
\BOOKMARK [2][-]{subsection.14.5}{\376\377\000M\000o\000l\000l\000i\000e\000r\000e\000\040\000d\000i\000a\000g\000r\000a\000m}{section.14}% 111
\BOOKMARK [2][-]{subsection.14.6}{\376\377\000O\000p\000v\000a\000r\000m\000n\000i\000n\000g\000\040\000o\000g\000\040\000a\000f\000k\000\370\000l\000i\000n\000g\000\040\000a\000f\000\040\000f\000u\000g\000t\000i\000g\000\040\000l\000u\000f\000t\000\240\040\023\000\040\000s\000e\000n\000s\000i\000b\000e\000l\000\040\000e\000n\000e\000r\000g\000i\000\346\000n\000d\000r\000i\000n\000g\000\040\000a\000l\000e\000n\000e}{section.14}% 112
\BOOKMARK [2][-]{subsection.14.7}{\376\377\000B\000e\000f\000f\000u\000g\000t\000n\000i\000n\000g\000\040\000o\000g\000\040\000a\000f\000f\000u\000g\000t\000n\000i\000n\000g\000\040\000a\000f\000\040\000f\000u\000g\000t\000i\000g\000\040\000l\000u\000f\000t}{section.14}% 113
\BOOKMARK [3][-]{subsubsection.14.7.1}{\376\377\000A\000f\000f\000u\000g\000t\000n\000i\000n\000g\000\040\000a\000f\000\040\000f\000u\000g\000t\000i\000g\000\040\000l\000u\000f\000t}{subsection.14.7}% 114
\BOOKMARK [3][-]{subsubsection.14.7.2}{\376\377\000B\000e\000f\000f\000u\000g\000t\000n\000i\000n\000g\000\040\000a\000f\000\040\000f\000u\000g\000t\000i\000g\000\040\000l\000u\000f\000t}{subsection.14.7}% 115
\BOOKMARK [2][-]{subsection.14.8}{\376\377\000T\000\370\000r\000t\000\040\000o\000g\000\040\000v\000\345\000d\000t\000\040\000t\000e\000r\000m\000o\000m\000e\000t\000e\000r}{section.14}% 116
\BOOKMARK [1][-]{section.15}{\376\377\000M\000e\000k\000a\000n\000i\000s\000m\000e\000r\000\040\000f\000o\000r\000\040\000v\000a\000r\000m\000e\000t\000r\000a\000n\000s\000m\000i\000s\000s\000i\000o\000n}{}% 117
\BOOKMARK [2][-]{subsection.15.1}{\376\377\000D\000e\000f\000i\000n\000i\000t\000i\000o\000n\000\040\000a\000f\000\040\000v\000a\000r\000m\000e\000t\000r\000a\000n\000s\000m\000i\000s\000s\000i\000o\000n}{section.15}% 118
\BOOKMARK [2][-]{subsection.15.2}{\376\377\000S\000a\000m\000m\000e\000n\000s\000a\000t\000\040\000v\000a\000r\000m\000e\000o\000v\000e\000r\000f\000\370\000r\000i\000n\000g}{section.15}% 119
\BOOKMARK [3][-]{subsubsection.15.2.1}{\376\377\000I\000s\000o\000l\000a\000n\000s}{subsection.15.2}% 120
\BOOKMARK [3][-]{subsubsection.15.2.2}{\376\377\000O\000v\000e\000r\000g\000a\000n\000g\000s\000i\000s\000o\000l\000a\000n\000s\000e\000r}{subsection.15.2}% 121
\BOOKMARK [3][-]{subsubsection.15.2.3}{\376\377\000V\000a\000r\000m\000e\000o\000v\000e\000r\000f\000\370\000r\000i\000n\000g\000s\000k\000o\000e\000f\000f\000i\000c\000i\000e\000n\000t}{subsection.15.2}% 122
\BOOKMARK [3][-]{subsubsection.15.2.4}{\376\377\000V\000a\000r\000m\000e\000t\000r\000a\000n\000s\000m\000i\000s\000s\000i\000o\000n\000s\000k\000o\000e\000f\000f\000i\000c\000i\000e\000n\000t}{subsection.15.2}% 123
\BOOKMARK [1][-]{section.16}{\376\377\000E\000n\000d\000i\000m\000e\000n\000s\000i\000o\000n\000a\000l\000\040\000v\000a\000r\000m\000e\000l\000e\000d\000n\000i\000n\000g\000\040\000g\000e\000n\000n\000e\000m\000\040\000h\000o\000m\000o\000g\000e\000n\000e\000\040\000l\000a\000g}{}% 124
\BOOKMARK [1][-]{section.17}{\376\377\000E\000n\000d\000i\000m\000e\000n\000s\000i\000o\000n\000a\000l\000\040\000v\000a\000r\000m\000e\000l\000e\000d\000n\000i\000n\000g\000\040\000g\000e\000n\000n\000e\000m\000\040\000i\000n\000h\000o\000m\000o\000g\000e\000n\000e\000\040\000l\000a\000g}{}% 125
\BOOKMARK [1][-]{section.18}{\376\377\000K\000o\000n\000v\000e\000k\000t\000i\000o\000n}{}% 126
\BOOKMARK [2][-]{subsection.18.1}{\376\377\000L\000a\000m\000i\000n\000a\000r\000\040\000s\000t\000r\000\370\000m\000n\000i\000n\000g}{section.18}% 127
\BOOKMARK [2][-]{subsection.18.2}{\376\377\000T\000u\000r\000b\000u\000l\000e\000n\000t\000\040\000s\000t\000r\000\370\000m\000n\000i\000n\000g}{section.18}% 128
\BOOKMARK [2][-]{subsection.18.3}{\376\377\000B\000e\000r\000e\000g\000n\000i\000n\000g\000s\000m\000e\000t\000o\000d\000e}{section.18}% 129
