This is pdfTeX, Version 3.141592653-2.6-1.40.26 (TeX Live 2024) (preloaded format=pdflatex 2024.9.16)  6 MAY 2025 22:57
entering extended mode
 \write18 enabled.
 file:line:error style messages enabled.
 %&-line parsing enabled.
**master.tex
(./master.tex
LaTeX2e <2023-11-01> patch level 1
L3 programming layer <2024-02-20>
(/usr/local/texlive/2024/texmf-dist/tex/latex/base/article.cls
Document Class: article 2023/05/17 v1.4n Standard LaTeX document class
(/usr/local/texlive/2024/texmf-dist/tex/latex/base/size10.clo
File: size10.clo 2023/05/17 v1.4n Standard LaTeX file (size option)
)
\c@part=\count188
\c@section=\count189
\c@subsection=\count190
\c@subsubsection=\count191
\c@paragraph=\count192
\c@subparagraph=\count193
\c@figure=\count194
\c@table=\count195
\abovecaptionskip=\skip48
\belowcaptionskip=\skip49
\bibindent=\dimen140
) (./preamble.tex (/usr/local/texlive/2024/texmf-dist/tex/generic/babel/babel.sty
Package: babel 2024/02/07 v24.2 The Babel package
\babel@savecnt=\count196
\U@D=\dimen141
\l@unhyphenated=\language89
 (/usr/local/texlive/2024/texmf-dist/tex/generic/babel/txtbabel.def)
\bbl@readstream=\read2
\bbl@dirlevel=\count197
 (/usr/local/texlive/2024/texmf-dist/tex/generic/babel-english/english.ldf
Language: english 2017/06/06 v3.3r English support from the babel system
Package babel Info: Hyphen rules for 'canadian' set to \l@english
(babel)             (\language0). Reported on input line 102.
Package babel Info: Hyphen rules for 'australian' set to \l@ukenglish
(babel)             (\language23). Reported on input line 105.
Package babel Info: Hyphen rules for 'newzealand' set to \l@ukenglish
(babel)             (\language23). Reported on input line 108.
)) (/usr/local/texlive/2024/texmf-dist/tex/generic/babel/locale/en/babel-english.tex
Package babel Info: Importing font and identification data for english
(babel)             from babel-en.ini. Reported on input line 11.
) (/usr/local/texlive/2024/texmf-dist/tex/latex/amsfonts/amsfonts.sty
Package: amsfonts 2013/01/14 v3.01 Basic AMSFonts support
\@emptytoks=\toks17
\symAMSa=\mathgroup4
\symAMSb=\mathgroup5
LaTeX Font Info:    Redeclaring math symbol \hbar on input line 98.
LaTeX Font Info:    Overwriting math alphabet `\mathfrak' in version `bold'
(Font)                  U/euf/m/n --> U/euf/b/n on input line 106.
) (/usr/local/texlive/2024/texmf-dist/tex/latex/amsfonts/amssymb.sty
Package: amssymb 2013/01/14 v3.01 AMS font symbols
) (/usr/local/texlive/2024/texmf-dist/tex/latex/mathtools/mathtools.sty
Package: mathtools 2024/03/11 v1.30 mathematical typesetting tools
 (/usr/local/texlive/2024/texmf-dist/tex/latex/graphics/keyval.sty
Package: keyval 2022/05/29 v1.15 key=value parser (DPC)
\KV@toks@=\toks18
) (/usr/local/texlive/2024/texmf-dist/tex/latex/tools/calc.sty
Package: calc 2023/07/08 v4.3 Infix arithmetic (KKT,FJ)
\calc@Acount=\count198
\calc@Bcount=\count199
\calc@Adimen=\dimen142
\calc@Bdimen=\dimen143
\calc@Askip=\skip50
\calc@Bskip=\skip51
LaTeX Info: Redefining \setlength on input line 80.
LaTeX Info: Redefining \addtolength on input line 81.
\calc@Ccount=\count266
\calc@Cskip=\skip52
) (/usr/local/texlive/2024/texmf-dist/tex/latex/mathtools/mhsetup.sty
Package: mhsetup 2021/03/18 v1.4 programming setup (MH)
) (/usr/local/texlive/2024/texmf-dist/tex/latex/amsmath/amsmath.sty
Package: amsmath 2023/05/13 v2.17o AMS math features
\@mathmargin=\skip53

For additional information on amsmath, use the `?' option.
(/usr/local/texlive/2024/texmf-dist/tex/latex/amsmath/amstext.sty
Package: amstext 2021/08/26 v2.01 AMS text
 (/usr/local/texlive/2024/texmf-dist/tex/latex/amsmath/amsgen.sty
File: amsgen.sty 1999/11/30 v2.0 generic functions
\@emptytoks=\toks19
\ex@=\dimen144
)) (/usr/local/texlive/2024/texmf-dist/tex/latex/amsmath/amsbsy.sty
Package: amsbsy 1999/11/29 v1.2d Bold Symbols
\pmbraise@=\dimen145
) (/usr/local/texlive/2024/texmf-dist/tex/latex/amsmath/amsopn.sty
Package: amsopn 2022/04/08 v2.04 operator names
)
\inf@bad=\count267
LaTeX Info: Redefining \frac on input line 234.
\uproot@=\count268
\leftroot@=\count269
LaTeX Info: Redefining \overline on input line 399.
LaTeX Info: Redefining \colon on input line 410.
\classnum@=\count270
\DOTSCASE@=\count271
LaTeX Info: Redefining \ldots on input line 496.
LaTeX Info: Redefining \dots on input line 499.
LaTeX Info: Redefining \cdots on input line 620.
\Mathstrutbox@=\box51
\strutbox@=\box52
LaTeX Info: Redefining \big on input line 722.
LaTeX Info: Redefining \Big on input line 723.
LaTeX Info: Redefining \bigg on input line 724.
LaTeX Info: Redefining \Bigg on input line 725.
\big@size=\dimen146
LaTeX Font Info:    Redeclaring font encoding OML on input line 743.
LaTeX Font Info:    Redeclaring font encoding OMS on input line 744.
\macc@depth=\count272
LaTeX Info: Redefining \bmod on input line 905.
LaTeX Info: Redefining \pmod on input line 910.
LaTeX Info: Redefining \smash on input line 940.
LaTeX Info: Redefining \relbar on input line 970.
LaTeX Info: Redefining \Relbar on input line 971.
\c@MaxMatrixCols=\count273
\dotsspace@=\muskip16
\c@parentequation=\count274
\dspbrk@lvl=\count275
\tag@help=\toks20
\row@=\count276
\column@=\count277
\maxfields@=\count278
\andhelp@=\toks21
\eqnshift@=\dimen147
\alignsep@=\dimen148
\tagshift@=\dimen149
\tagwidth@=\dimen150
\totwidth@=\dimen151
\lineht@=\dimen152
\@envbody=\toks22
\multlinegap=\skip54
\multlinetaggap=\skip55
\mathdisplay@stack=\toks23
LaTeX Info: Redefining \[ on input line 2953.
LaTeX Info: Redefining \] on input line 2954.
)
\g_MT_multlinerow_int=\count279
\l_MT_multwidth_dim=\dimen153
\origjot=\skip56
\l_MT_shortvdotswithinadjustabove_dim=\dimen154
\l_MT_shortvdotswithinadjustbelow_dim=\dimen155
\l_MT_above_intertext_sep=\dimen156
\l_MT_below_intertext_sep=\dimen157
\l_MT_above_shortintertext_sep=\dimen158
\l_MT_below_shortintertext_sep=\dimen159
\xmathstrut@box=\box53
\xmathstrut@dim=\dimen160
) (/usr/local/texlive/2024/texmf-dist/tex/latex/amscls/amsthm.sty
Package: amsthm 2020/05/29 v2.20.6
\thm@style=\toks24
\thm@bodyfont=\toks25
\thm@headfont=\toks26
\thm@notefont=\toks27
\thm@headpunct=\toks28
\thm@preskip=\skip57
\thm@postskip=\skip58
\thm@headsep=\skip59
\dth@everypar=\toks29
) (/usr/local/texlive/2024/texmf-dist/tex/latex/graphics/graphicx.sty
Package: graphicx 2021/09/16 v1.2d Enhanced LaTeX Graphics (DPC,SPQR)
 (/usr/local/texlive/2024/texmf-dist/tex/latex/graphics/graphics.sty
Package: graphics 2022/03/10 v1.4e Standard LaTeX Graphics (DPC,SPQR)
 (/usr/local/texlive/2024/texmf-dist/tex/latex/graphics/trig.sty
Package: trig 2021/08/11 v1.11 sin cos tan (DPC)
) (/usr/local/texlive/2024/texmf-dist/tex/latex/graphics-cfg/graphics.cfg
File: graphics.cfg 2016/06/04 v1.11 sample graphics configuration
)
Package graphics Info: Driver file: pdftex.def on input line 107.
 (/usr/local/texlive/2024/texmf-dist/tex/latex/graphics-def/pdftex.def
File: pdftex.def 2022/09/22 v1.2b Graphics/color driver for pdftex
))
\Gin@req@height=\dimen161
\Gin@req@width=\dimen162
) (/usr/local/texlive/2024/texmf-dist/tex/latex/pgfplots/pgfplots.sty (/usr/local/texlive/2024/texmf-dist/tex/generic/pgfplots/pgfplots.revision.tex)
Package: pgfplots 2021/05/15 v1.18.1 Data Visualization (1.18.1)
 (/usr/local/texlive/2024/texmf-dist/tex/latex/pgf/frontendlayer/tikz.sty (/usr/local/texlive/2024/texmf-dist/tex/latex/pgf/basiclayer/pgf.sty (/usr/local/texlive/2024/texmf-dist/tex/latex/pgf/utilities/pgfrcs.sty (/usr/local/texlive/2024/texmf-dist/tex/generic/pgf/utilities/pgfutil-common.tex
\pgfutil@everybye=\toks30
\pgfutil@tempdima=\dimen163
\pgfutil@tempdimb=\dimen164
) (/usr/local/texlive/2024/texmf-dist/tex/generic/pgf/utilities/pgfutil-latex.def
\pgfutil@abb=\box54
) (/usr/local/texlive/2024/texmf-dist/tex/generic/pgf/utilities/pgfrcs.code.tex (/usr/local/texlive/2024/texmf-dist/tex/generic/pgf/pgf.revision.tex)
Package: pgfrcs 2023-01-15 v3.1.10 (3.1.10)
))
Package: pgf 2023-01-15 v3.1.10 (3.1.10)
 (/usr/local/texlive/2024/texmf-dist/tex/latex/pgf/basiclayer/pgfcore.sty (/usr/local/texlive/2024/texmf-dist/tex/latex/pgf/systemlayer/pgfsys.sty (/usr/local/texlive/2024/texmf-dist/tex/generic/pgf/systemlayer/pgfsys.code.tex
Package: pgfsys 2023-01-15 v3.1.10 (3.1.10)
 (/usr/local/texlive/2024/texmf-dist/tex/generic/pgf/utilities/pgfkeys.code.tex
\pgfkeys@pathtoks=\toks31
\pgfkeys@temptoks=\toks32
 (/usr/local/texlive/2024/texmf-dist/tex/generic/pgf/utilities/pgfkeyslibraryfiltered.code.tex
\pgfkeys@tmptoks=\toks33
))
\pgf@x=\dimen165
\pgf@y=\dimen166
\pgf@xa=\dimen167
\pgf@ya=\dimen168
\pgf@xb=\dimen169
\pgf@yb=\dimen170
\pgf@xc=\dimen171
\pgf@yc=\dimen172
\pgf@xd=\dimen173
\pgf@yd=\dimen174
\w@pgf@writea=\write3
\r@pgf@reada=\read3
\c@pgf@counta=\count280
\c@pgf@countb=\count281
\c@pgf@countc=\count282
\c@pgf@countd=\count283
\t@pgf@toka=\toks34
\t@pgf@tokb=\toks35
\t@pgf@tokc=\toks36
\pgf@sys@id@count=\count284
 (/usr/local/texlive/2024/texmf-dist/tex/generic/pgf/systemlayer/pgf.cfg
File: pgf.cfg 2023-01-15 v3.1.10 (3.1.10)
)
Driver file for pgf: pgfsys-pdftex.def
 (/usr/local/texlive/2024/texmf-dist/tex/generic/pgf/systemlayer/pgfsys-pdftex.def
File: pgfsys-pdftex.def 2023-01-15 v3.1.10 (3.1.10)
 (/usr/local/texlive/2024/texmf-dist/tex/generic/pgf/systemlayer/pgfsys-common-pdf.def
File: pgfsys-common-pdf.def 2023-01-15 v3.1.10 (3.1.10)
)))
(/usr/local/texlive/2024/texmf-dist/tex/generic/pgf/systemlayer/pgfsyssoftpath.code.tex
File: pgfsyssoftpath.code.tex 2023-01-15 v3.1.10 (3.1.10)
\pgfsyssoftpath@smallbuffer@items=\count285
\pgfsyssoftpath@bigbuffer@items=\count286
) (/usr/local/texlive/2024/texmf-dist/tex/generic/pgf/systemlayer/pgfsysprotocol.code.tex
File: pgfsysprotocol.code.tex 2023-01-15 v3.1.10 (3.1.10)
)) (/usr/local/texlive/2024/texmf-dist/tex/latex/xcolor/xcolor.sty
Package: xcolor 2023/11/15 v3.01 LaTeX color extensions (UK)
 (/usr/local/texlive/2024/texmf-dist/tex/latex/graphics-cfg/color.cfg
File: color.cfg 2016/01/02 v1.6 sample color configuration
)
Package xcolor Info: Driver file: pdftex.def on input line 274.
 (/usr/local/texlive/2024/texmf-dist/tex/latex/graphics/mathcolor.ltx)
Package xcolor Info: Model `cmy' substituted by `cmy0' on input line 1350.
Package xcolor Info: Model `hsb' substituted by `rgb' on input line 1354.
Package xcolor Info: Model `RGB' extended on input line 1366.
Package xcolor Info: Model `HTML' substituted by `rgb' on input line 1368.
Package xcolor Info: Model `Hsb' substituted by `hsb' on input line 1369.
Package xcolor Info: Model `tHsb' substituted by `hsb' on input line 1370.
Package xcolor Info: Model `HSB' substituted by `hsb' on input line 1371.
Package xcolor Info: Model `Gray' substituted by `gray' on input line 1372.
Package xcolor Info: Model `wave' substituted by `hsb' on input line 1373.
) (/usr/local/texlive/2024/texmf-dist/tex/generic/pgf/basiclayer/pgfcore.code.tex
Package: pgfcore 2023-01-15 v3.1.10 (3.1.10)
 (/usr/local/texlive/2024/texmf-dist/tex/generic/pgf/math/pgfmath.code.tex (/usr/local/texlive/2024/texmf-dist/tex/generic/pgf/math/pgfmathutil.code.tex) (/usr/local/texlive/2024/texmf-dist/tex/generic/pgf/math/pgfmathparser.code.tex
\pgfmath@dimen=\dimen175
\pgfmath@count=\count287
\pgfmath@box=\box55
\pgfmath@toks=\toks37
\pgfmath@stack@operand=\toks38
\pgfmath@stack@operation=\toks39
) (/usr/local/texlive/2024/texmf-dist/tex/generic/pgf/math/pgfmathfunctions.code.tex) (/usr/local/texlive/2024/texmf-dist/tex/generic/pgf/math/pgfmathfunctions.basic.code.tex) (/usr/local/texlive/2024/texmf-dist/tex/generic/pgf/math/pgfmathfunctions.trigonometric.code.tex) (/usr/local/texlive/2024/texmf-dist/tex/generic/pgf/math/pgfmathfunctions.random.code.tex) (/usr/local/texlive/2024/texmf-dist/tex/generic/pgf/math/pgfmathfunctions.comparison.code.tex) (/usr/local/texlive/2024/texmf-dist/tex/generic/pgf/math/pgfmathfunctions.base.code.tex) (/usr/local/texlive/2024/texmf-dist/tex/generic/pgf/math/pgfmathfunctions.round.code.tex) (/usr/local/texlive/2024/texmf-dist/tex/generic/pgf/math/pgfmathfunctions.misc.code.tex) (/usr/local/texlive/2024/texmf-dist/tex/generic/pgf/math/pgfmathfunctions.integerarithmetics.code.tex) (/usr/local/texlive/2024/texmf-dist/tex/generic/pgf/math/pgfmathcalc.code.tex) (/usr/local/texlive/2024/texmf-dist/tex/generic/pgf/math/pgfmathfloat.code.tex
\c@pgfmathroundto@lastzeros=\count288
)) (/usr/local/texlive/2024/texmf-dist/tex/generic/pgf/math/pgfint.code.tex) (/usr/local/texlive/2024/texmf-dist/tex/generic/pgf/basiclayer/pgfcorepoints.code.tex
File: pgfcorepoints.code.tex 2023-01-15 v3.1.10 (3.1.10)
\pgf@picminx=\dimen176
\pgf@picmaxx=\dimen177
\pgf@picminy=\dimen178
\pgf@picmaxy=\dimen179
\pgf@pathminx=\dimen180
\pgf@pathmaxx=\dimen181
\pgf@pathminy=\dimen182
\pgf@pathmaxy=\dimen183
\pgf@xx=\dimen184
\pgf@xy=\dimen185
\pgf@yx=\dimen186
\pgf@yy=\dimen187
\pgf@zx=\dimen188
\pgf@zy=\dimen189
) (/usr/local/texlive/2024/texmf-dist/tex/generic/pgf/basiclayer/pgfcorepathconstruct.code.tex
File: pgfcorepathconstruct.code.tex 2023-01-15 v3.1.10 (3.1.10)
\pgf@path@lastx=\dimen190
\pgf@path@lasty=\dimen191
)
(/usr/local/texlive/2024/texmf-dist/tex/generic/pgf/basiclayer/pgfcorepathusage.code.tex
File: pgfcorepathusage.code.tex 2023-01-15 v3.1.10 (3.1.10)
\pgf@shorten@end@additional=\dimen192
\pgf@shorten@start@additional=\dimen193
) (/usr/local/texlive/2024/texmf-dist/tex/generic/pgf/basiclayer/pgfcorescopes.code.tex
File: pgfcorescopes.code.tex 2023-01-15 v3.1.10 (3.1.10)
\pgfpic=\box56
\pgf@hbox=\box57
\pgf@layerbox@main=\box58
\pgf@picture@serial@count=\count289
) (/usr/local/texlive/2024/texmf-dist/tex/generic/pgf/basiclayer/pgfcoregraphicstate.code.tex
File: pgfcoregraphicstate.code.tex 2023-01-15 v3.1.10 (3.1.10)
\pgflinewidth=\dimen194
) (/usr/local/texlive/2024/texmf-dist/tex/generic/pgf/basiclayer/pgfcoretransformations.code.tex
File: pgfcoretransformations.code.tex 2023-01-15 v3.1.10 (3.1.10)
\pgf@pt@x=\dimen195
\pgf@pt@y=\dimen196
\pgf@pt@temp=\dimen197
) (/usr/local/texlive/2024/texmf-dist/tex/generic/pgf/basiclayer/pgfcorequick.code.tex
File: pgfcorequick.code.tex 2023-01-15 v3.1.10 (3.1.10)
) (/usr/local/texlive/2024/texmf-dist/tex/generic/pgf/basiclayer/pgfcoreobjects.code.tex
File: pgfcoreobjects.code.tex 2023-01-15 v3.1.10 (3.1.10)
) (/usr/local/texlive/2024/texmf-dist/tex/generic/pgf/basiclayer/pgfcorepathprocessing.code.tex
File: pgfcorepathprocessing.code.tex 2023-01-15 v3.1.10 (3.1.10)
) (/usr/local/texlive/2024/texmf-dist/tex/generic/pgf/basiclayer/pgfcorearrows.code.tex
File: pgfcorearrows.code.tex 2023-01-15 v3.1.10 (3.1.10)
\pgfarrowsep=\dimen198
) (/usr/local/texlive/2024/texmf-dist/tex/generic/pgf/basiclayer/pgfcoreshade.code.tex
File: pgfcoreshade.code.tex 2023-01-15 v3.1.10 (3.1.10)
\pgf@max=\dimen199
\pgf@sys@shading@range@num=\count290
\pgf@shadingcount=\count291
) (/usr/local/texlive/2024/texmf-dist/tex/generic/pgf/basiclayer/pgfcoreimage.code.tex
File: pgfcoreimage.code.tex 2023-01-15 v3.1.10 (3.1.10)
) (/usr/local/texlive/2024/texmf-dist/tex/generic/pgf/basiclayer/pgfcoreexternal.code.tex
File: pgfcoreexternal.code.tex 2023-01-15 v3.1.10 (3.1.10)
\pgfexternal@startupbox=\box59
) (/usr/local/texlive/2024/texmf-dist/tex/generic/pgf/basiclayer/pgfcorelayers.code.tex
File: pgfcorelayers.code.tex 2023-01-15 v3.1.10 (3.1.10)
) (/usr/local/texlive/2024/texmf-dist/tex/generic/pgf/basiclayer/pgfcoretransparency.code.tex
File: pgfcoretransparency.code.tex 2023-01-15 v3.1.10 (3.1.10)
) (/usr/local/texlive/2024/texmf-dist/tex/generic/pgf/basiclayer/pgfcorepatterns.code.tex
File: pgfcorepatterns.code.tex 2023-01-15 v3.1.10 (3.1.10)
) (/usr/local/texlive/2024/texmf-dist/tex/generic/pgf/basiclayer/pgfcorerdf.code.tex
File: pgfcorerdf.code.tex 2023-01-15 v3.1.10 (3.1.10)
))) (/usr/local/texlive/2024/texmf-dist/tex/generic/pgf/modules/pgfmoduleshapes.code.tex
File: pgfmoduleshapes.code.tex 2023-01-15 v3.1.10 (3.1.10)
\pgfnodeparttextbox=\box60
) (/usr/local/texlive/2024/texmf-dist/tex/generic/pgf/modules/pgfmoduleplot.code.tex
File: pgfmoduleplot.code.tex 2023-01-15 v3.1.10 (3.1.10)
) (/usr/local/texlive/2024/texmf-dist/tex/latex/pgf/compatibility/pgfcomp-version-0-65.sty
Package: pgfcomp-version-0-65 2023-01-15 v3.1.10 (3.1.10)
\pgf@nodesepstart=\dimen256
\pgf@nodesepend=\dimen257
) (/usr/local/texlive/2024/texmf-dist/tex/latex/pgf/compatibility/pgfcomp-version-1-18.sty
Package: pgfcomp-version-1-18 2023-01-15 v3.1.10 (3.1.10)
)) (/usr/local/texlive/2024/texmf-dist/tex/latex/pgf/utilities/pgffor.sty (/usr/local/texlive/2024/texmf-dist/tex/latex/pgf/utilities/pgfkeys.sty (/usr/local/texlive/2024/texmf-dist/tex/generic/pgf/utilities/pgfkeys.code.tex)) (/usr/local/texlive/2024/texmf-dist/tex/latex/pgf/math/pgfmath.sty
(/usr/local/texlive/2024/texmf-dist/tex/generic/pgf/math/pgfmath.code.tex)) (/usr/local/texlive/2024/texmf-dist/tex/generic/pgf/utilities/pgffor.code.tex
Package: pgffor 2023-01-15 v3.1.10 (3.1.10)
\pgffor@iter=\dimen258
\pgffor@skip=\dimen259
\pgffor@stack=\toks40
\pgffor@toks=\toks41
)) (/usr/local/texlive/2024/texmf-dist/tex/generic/pgf/frontendlayer/tikz/tikz.code.tex
Package: tikz 2023-01-15 v3.1.10 (3.1.10)
 (/usr/local/texlive/2024/texmf-dist/tex/generic/pgf/libraries/pgflibraryplothandlers.code.tex
File: pgflibraryplothandlers.code.tex 2023-01-15 v3.1.10 (3.1.10)
\pgf@plot@mark@count=\count292
\pgfplotmarksize=\dimen260
)
\tikz@lastx=\dimen261
\tikz@lasty=\dimen262
\tikz@lastxsaved=\dimen263
\tikz@lastysaved=\dimen264
\tikz@lastmovetox=\dimen265
\tikz@lastmovetoy=\dimen266
\tikzleveldistance=\dimen267
\tikzsiblingdistance=\dimen268
\tikz@figbox=\box61
\tikz@figbox@bg=\box62
\tikz@tempbox=\box63
\tikz@tempbox@bg=\box64
\tikztreelevel=\count293
\tikznumberofchildren=\count294
\tikznumberofcurrentchild=\count295
\tikz@fig@count=\count296
 (/usr/local/texlive/2024/texmf-dist/tex/generic/pgf/modules/pgfmodulematrix.code.tex
File: pgfmodulematrix.code.tex 2023-01-15 v3.1.10 (3.1.10)
\pgfmatrixcurrentrow=\count297
\pgfmatrixcurrentcolumn=\count298
\pgf@matrix@numberofcolumns=\count299
)
\tikz@expandcount=\count300
 (/usr/local/texlive/2024/texmf-dist/tex/generic/pgf/frontendlayer/tikz/libraries/tikzlibrarytopaths.code.tex
File: tikzlibrarytopaths.code.tex 2023-01-15 v3.1.10 (3.1.10)
))) (/usr/local/texlive/2024/texmf-dist/tex/generic/pgfplots/pgfplots.code.tex (/usr/local/texlive/2024/texmf-dist/tex/generic/pgfplots/pgfplotscore.code.tex
\t@pgfplots@toka=\toks42
\t@pgfplots@tokb=\toks43
\t@pgfplots@tokc=\toks44
\pgfplots@tmpa=\dimen269
\c@pgfplots@coordindex=\count301
\c@pgfplots@scanlineindex=\count302
 (/usr/local/texlive/2024/texmf-dist/tex/generic/pgfplots/sys/pgfplotssysgeneric.code.tex)) (/usr/local/texlive/2024/texmf-dist/tex/generic/pgfplots/libs/pgfplotslibrary.code.tex) (/usr/local/texlive/2024/texmf-dist/tex/generic/pgfplots/oldpgfcompatib/pgfplotsoldpgfsupp_loader.code.tex (/usr/local/texlive/2024/texmf-dist/tex/generic/pgf/libraries/pgflibraryfpu.code.tex)
Package pgfplots: loading complementary utilities for your pgf version...
\t@pgf@toka=\toks45
\t@pgf@tokb=\toks46
\t@pgf@tokc=\toks47
(/usr/local/texlive/2024/texmf-dist/tex/generic/pgfplots/oldpgfcompatib/pgfplotsoldpgfsupp_pgfutil-common-lists.tex)) (/usr/local/texlive/2024/texmf-dist/tex/generic/pgfplots/util/pgfplotsutil.code.tex (/usr/local/texlive/2024/texmf-dist/tex/generic/pgfplots/liststructure/pgfplotsliststructure.code.tex) (/usr/local/texlive/2024/texmf-dist/tex/generic/pgfplots/liststructure/pgfplotsliststructureext.code.tex) (/usr/local/texlive/2024/texmf-dist/tex/generic/pgfplots/liststructure/pgfplotsarray.code.tex
\c@pgfplotsarray@tmp=\count303
) (/usr/local/texlive/2024/texmf-dist/tex/generic/pgfplots/liststructure/pgfplotsmatrix.code.tex) (/usr/local/texlive/2024/texmf-dist/tex/generic/pgfplots/numtable/pgfplotstableshared.code.tex
\c@pgfplotstable@counta=\count304
\t@pgfplotstable@a=\toks48
) (/usr/local/texlive/2024/texmf-dist/tex/generic/pgfplots/liststructure/pgfplotsdeque.code.tex) (/usr/local/texlive/2024/texmf-dist/tex/generic/pgfplots/util/pgfplotsbinary.code.tex (/usr/local/texlive/2024/texmf-dist/tex/generic/pgfplots/util/pgfplotsbinary.data.code.tex)) (/usr/local/texlive/2024/texmf-dist/tex/generic/pgfplots/util/pgfplotsutil.verb.code.tex) (/usr/local/texlive/2024/texmf-dist/tex/generic/pgfplots/libs/pgflibrarypgfplots.surfshading.code.tex
\c@pgfplotslibrarysurf@no=\count305
 (/usr/local/texlive/2024/texmf-dist/tex/generic/pgfplots/sys/pgflibrarypgfplots.surfshading.pgfsys-pdftex.def))) (/usr/local/texlive/2024/texmf-dist/tex/generic/pgfplots/util/pgfplotscolormap.code.tex (/usr/local/texlive/2024/texmf-dist/tex/generic/pgfplots/util/pgfplotscolor.code.tex)) (/usr/local/texlive/2024/texmf-dist/tex/generic/pgfplots/pgfplotsstackedplots.code.tex) (/usr/local/texlive/2024/texmf-dist/tex/generic/pgfplots/pgfplotsplothandlers.code.tex (/usr/local/texlive/2024/texmf-dist/tex/generic/pgfplots/pgfplotsmeshplothandler.code.tex (/usr/local/texlive/2024/texmf-dist/tex/generic/pgfplots/pgfplotsmeshplotimage.code.tex))) (/usr/local/texlive/2024/texmf-dist/tex/generic/pgfplots/pgfplots.scaling.code.tex) (/usr/local/texlive/2024/texmf-dist/tex/generic/pgfplots/pgfplotscoordprocessing.code.tex)
(/usr/local/texlive/2024/texmf-dist/tex/generic/pgfplots/pgfplots.errorbars.code.tex) (/usr/local/texlive/2024/texmf-dist/tex/generic/pgfplots/pgfplots.markers.code.tex) (/usr/local/texlive/2024/texmf-dist/tex/generic/pgfplots/pgfplotsticks.code.tex) (/usr/local/texlive/2024/texmf-dist/tex/generic/pgfplots/pgfplots.paths.code.tex) (/usr/local/texlive/2024/texmf-dist/tex/generic/pgf/frontendlayer/tikz/libraries/tikzlibrarydecorations.code.tex (/usr/local/texlive/2024/texmf-dist/tex/generic/pgf/modules/pgfmoduledecorations.code.tex
\pgfdecoratedcompleteddistance=\dimen270
\pgfdecoratedremainingdistance=\dimen271
\pgfdecoratedinputsegmentcompleteddistance=\dimen272
\pgfdecoratedinputsegmentremainingdistance=\dimen273
\pgf@decorate@distancetomove=\dimen274
\pgf@decorate@repeatstate=\count306
\pgfdecorationsegmentamplitude=\dimen275
\pgfdecorationsegmentlength=\dimen276
)
\tikz@lib@dec@box=\box65
) (/usr/local/texlive/2024/texmf-dist/tex/generic/pgf/frontendlayer/tikz/libraries/tikzlibrarydecorations.pathmorphing.code.tex (/usr/local/texlive/2024/texmf-dist/tex/generic/pgf/libraries/decorations/pgflibrarydecorations.pathmorphing.code.tex)) (/usr/local/texlive/2024/texmf-dist/tex/generic/pgf/frontendlayer/tikz/libraries/tikzlibrarydecorations.pathreplacing.code.tex (/usr/local/texlive/2024/texmf-dist/tex/generic/pgf/libraries/decorations/pgflibrarydecorations.pathreplacing.code.tex)) (/usr/local/texlive/2024/texmf-dist/tex/generic/pgfplots/libs/tikzlibrarypgfplots.contourlua.code.tex)
\pgfplots@numplots=\count307
\pgfplots@xmin@reg=\dimen277
\pgfplots@xmax@reg=\dimen278
\pgfplots@ymin@reg=\dimen279
\pgfplots@ymax@reg=\dimen280
\pgfplots@zmin@reg=\dimen281
\pgfplots@zmax@reg=\dimen282
) (/usr/local/texlive/2024/texmf-dist/tex/generic/pgf/frontendlayer/tikz/libraries/tikzlibraryplotmarks.code.tex
File: tikzlibraryplotmarks.code.tex 2023-01-15 v3.1.10 (3.1.10)
 (/usr/local/texlive/2024/texmf-dist/tex/generic/pgf/libraries/pgflibraryplotmarks.code.tex
File: pgflibraryplotmarks.code.tex 2023-01-15 v3.1.10 (3.1.10)
))) (/usr/local/texlive/2024/texmf-dist/tex/latex/url/url.sty
\Urlmuskip=\muskip17
Package: url 2013/09/16  ver 3.4  Verb mode for urls, etc.
) (/usr/local/texlive/2024/texmf-dist/tex/latex/graphics/dvipsnam.def
File: dvipsnam.def 2016/06/17 v3.0m Driver-dependent file (DPC,SPQR)
) (/usr/local/texlive/2024/texmf-dist/tex/latex/lastpage/lastpage.sty
Package: lastpage 2023/10/14 v2.0e lastpage: 2.09 or 2e? (HMM)
 (/usr/local/texlive/2024/texmf-dist/tex/latex/lastpage/lastpage2e.sty
Package: lastpage2e 2023/10/14 v2.0e Decide which 2e lastpage version to use (HMM)
 (/usr/local/texlive/2024/texmf-dist/tex/latex/lastpage/lastpagemodern.sty
Package: lastpagemodern 2023-10-14 v2.0e Refers to last page's name (HMM; JPG)
\c@lastpagecount=\count308
) 
)) (/usr/local/texlive/2024/texmf-dist/tex/latex/chngcntr/chngcntr.sty
Package: chngcntr 2018/04/09 v1.1a change counter resetting
Package chngcntr Info: \counterwithout already defined.
(chngcntr)             Quitting chngcntr on input line 21.
) (/usr/local/texlive/2024/texmf-dist/tex/latex/hyperref/hyperref.sty
Package: hyperref 2024-01-20 v7.01h Hypertext links for LaTeX
 (/usr/local/texlive/2024/texmf-dist/tex/generic/iftex/iftex.sty
Package: iftex 2022/02/03 v1.0f TeX engine tests
) (/usr/local/texlive/2024/texmf-dist/tex/latex/kvsetkeys/kvsetkeys.sty
Package: kvsetkeys 2022-10-05 v1.19 Key value parser (HO)
) (/usr/local/texlive/2024/texmf-dist/tex/generic/kvdefinekeys/kvdefinekeys.sty
Package: kvdefinekeys 2019-12-19 v1.6 Define keys (HO)
) (/usr/local/texlive/2024/texmf-dist/tex/generic/pdfescape/pdfescape.sty
Package: pdfescape 2019/12/09 v1.15 Implements pdfTeX's escape features (HO)
 (/usr/local/texlive/2024/texmf-dist/tex/generic/ltxcmds/ltxcmds.sty
Package: ltxcmds 2023-12-04 v1.26 LaTeX kernel commands for general use (HO)
) (/usr/local/texlive/2024/texmf-dist/tex/generic/pdftexcmds/pdftexcmds.sty
Package: pdftexcmds 2020-06-27 v0.33 Utility functions of pdfTeX for LuaTeX (HO)
 (/usr/local/texlive/2024/texmf-dist/tex/generic/infwarerr/infwarerr.sty
Package: infwarerr 2019/12/03 v1.5 Providing info/warning/error messages (HO)
)
Package pdftexcmds Info: \pdf@primitive is available.
Package pdftexcmds Info: \pdf@ifprimitive is available.
Package pdftexcmds Info: \pdfdraftmode found.
)) (/usr/local/texlive/2024/texmf-dist/tex/latex/hycolor/hycolor.sty
Package: hycolor 2020-01-27 v1.10 Color options for hyperref/bookmark (HO)
) (/usr/local/texlive/2024/texmf-dist/tex/latex/auxhook/auxhook.sty
Package: auxhook 2019-12-17 v1.6 Hooks for auxiliary files (HO)
) (/usr/local/texlive/2024/texmf-dist/tex/latex/hyperref/nameref.sty
Package: nameref 2023-11-26 v2.56 Cross-referencing by name of section
 (/usr/local/texlive/2024/texmf-dist/tex/latex/refcount/refcount.sty
Package: refcount 2019/12/15 v3.6 Data extraction from label references (HO)
) (/usr/local/texlive/2024/texmf-dist/tex/generic/gettitlestring/gettitlestring.sty
Package: gettitlestring 2019/12/15 v1.6 Cleanup title references (HO)
 (/usr/local/texlive/2024/texmf-dist/tex/latex/kvoptions/kvoptions.sty
Package: kvoptions 2022-06-15 v3.15 Key value format for package options (HO)
))
\c@section@level=\count309
) (/usr/local/texlive/2024/texmf-dist/tex/latex/etoolbox/etoolbox.sty
Package: etoolbox 2020/10/05 v2.5k e-TeX tools for LaTeX (JAW)
\etb@tempcnta=\count310
)
\@linkdim=\dimen283
\Hy@linkcounter=\count311
\Hy@pagecounter=\count312
 (/usr/local/texlive/2024/texmf-dist/tex/latex/hyperref/pd1enc.def
File: pd1enc.def 2024-01-20 v7.01h Hyperref: PDFDocEncoding definition (HO)
Now handling font encoding PD1 ...
... no UTF-8 mapping file for font encoding PD1
) (/usr/local/texlive/2024/texmf-dist/tex/generic/intcalc/intcalc.sty
Package: intcalc 2019/12/15 v1.3 Expandable calculations with integers (HO)
)
\Hy@SavedSpaceFactor=\count313
 (/usr/local/texlive/2024/texmf-dist/tex/latex/hyperref/puenc.def
File: puenc.def 2024-01-20 v7.01h Hyperref: PDF Unicode definition (HO)
Now handling font encoding PU ...
... no UTF-8 mapping file for font encoding PU
)
Package hyperref Info: Hyper figures OFF on input line 4179.
Package hyperref Info: Link nesting OFF on input line 4184.
Package hyperref Info: Hyper index ON on input line 4187.
Package hyperref Info: Plain pages OFF on input line 4194.
Package hyperref Info: Backreferencing OFF on input line 4199.
Package hyperref Info: Implicit mode ON; LaTeX internals redefined.
Package hyperref Info: Bookmarks ON on input line 4446.
\c@Hy@tempcnt=\count314
LaTeX Info: Redefining \url on input line 4784.
\XeTeXLinkMargin=\dimen284
 (/usr/local/texlive/2024/texmf-dist/tex/generic/bitset/bitset.sty
Package: bitset 2019/12/09 v1.3 Handle bit-vector datatype (HO)
 (/usr/local/texlive/2024/texmf-dist/tex/generic/bigintcalc/bigintcalc.sty
Package: bigintcalc 2019/12/15 v1.5 Expandable calculations on big integers (HO)
))
\Fld@menulength=\count315
\Field@Width=\dimen285
\Fld@charsize=\dimen286
Package hyperref Info: Hyper figures OFF on input line 6063.
Package hyperref Info: Link nesting OFF on input line 6068.
Package hyperref Info: Hyper index ON on input line 6071.
Package hyperref Info: backreferencing OFF on input line 6078.
Package hyperref Info: Link coloring OFF on input line 6083.
Package hyperref Info: Link coloring with OCG OFF on input line 6088.
Package hyperref Info: PDF/A mode OFF on input line 6093.
 (/usr/local/texlive/2024/texmf-dist/tex/latex/base/atbegshi-ltx.sty
Package: atbegshi-ltx 2021/01/10 v1.0c Emulation of the original atbegshi
package with kernel methods
)
\Hy@abspage=\count316
\c@Item=\count317
\c@Hfootnote=\count318
)
Package hyperref Info: Driver (autodetected): hpdftex.
 (/usr/local/texlive/2024/texmf-dist/tex/latex/hyperref/hpdftex.def
File: hpdftex.def 2024-01-20 v7.01h Hyperref driver for pdfTeX
 (/usr/local/texlive/2024/texmf-dist/tex/latex/base/atveryend-ltx.sty
Package: atveryend-ltx 2020/08/19 v1.0a Emulation of the original atveryend package
with kernel methods
)
\Fld@listcount=\count319
\c@bookmark@seq@number=\count320
 (/usr/local/texlive/2024/texmf-dist/tex/latex/rerunfilecheck/rerunfilecheck.sty
Package: rerunfilecheck 2022-07-10 v1.10 Rerun checks for auxiliary files (HO)
 (/usr/local/texlive/2024/texmf-dist/tex/generic/uniquecounter/uniquecounter.sty
Package: uniquecounter 2019/12/15 v1.4 Provide unlimited unique counter (HO)
)
Package uniquecounter Info: New unique counter `rerunfilecheck' on input line 285.
)
\Hy@SectionHShift=\skip60
) (/usr/local/texlive/2024/texmf-dist/tex/latex/cleveref/cleveref.sty
Package: cleveref 2018/03/27 v0.21.4 Intelligent cross-referencing
Package cleveref Info: `hyperref' support loaded on input line 2370.
LaTeX Info: Redefining \cref on input line 2370.
LaTeX Info: Redefining \Cref on input line 2370.
LaTeX Info: Redefining \crefrange on input line 2370.
LaTeX Info: Redefining \Crefrange on input line 2370.
LaTeX Info: Redefining \cpageref on input line 2370.
LaTeX Info: Redefining \Cpageref on input line 2370.
LaTeX Info: Redefining \cpagerefrange on input line 2370.
LaTeX Info: Redefining \Cpagerefrange on input line 2370.
LaTeX Info: Redefining \labelcref on input line 2370.
LaTeX Info: Redefining \labelcpageref on input line 2370.
Package cleveref Info: `amsthm' support loaded on input line 3026.
Package cleveref Info: include cross-reference names in hyperlinks on input line 7836.
Package cleveref Info: include cross-reference names in hyperlinks on input line 7852.
) (/usr/local/texlive/2024/texmf-dist/tex/latex/siunitx/siunitx.sty
Package: siunitx 2024-02-15 v3.3.12 A comprehensive (SI) units package
\l__siunitx_number_uncert_offset_int=\count321
\l__siunitx_number_exponent_fixed_int=\count322
\l__siunitx_number_min_decimal_int=\count323
\l__siunitx_number_min_integer_int=\count324
\l__siunitx_number_round_precision_int=\count325
\l__siunitx_number_lower_threshold_int=\count326
\l__siunitx_number_upper_threshold_int=\count327
\l__siunitx_number_group_first_int=\count328
\l__siunitx_number_group_size_int=\count329
\l__siunitx_number_group_minimum_int=\count330
\l__siunitx_angle_tmp_dim=\dimen287
\l__siunitx_angle_marker_box=\box66
\l__siunitx_angle_unit_box=\box67
\l__siunitx_compound_count_int=\count331

(/usr/local/texlive/2024/texmf-dist/tex/latex/translations/translations.sty
Package: translations 2022/02/05 v1.12 internationalization of LaTeX2e packages (CN)
)
\l__siunitx_table_tmp_box=\box68
\l__siunitx_table_tmp_dim=\dimen288
\l__siunitx_table_column_width_dim=\dimen289
\l__siunitx_table_integer_box=\box69
\l__siunitx_table_decimal_box=\box70
\l__siunitx_table_uncert_box=\box71
\l__siunitx_table_before_box=\box72
\l__siunitx_table_after_box=\box73
\l__siunitx_table_before_dim=\dimen290
\l__siunitx_table_carry_dim=\dimen291
\l__siunitx_unit_tmp_int=\count332
\l__siunitx_unit_position_int=\count333
\l__siunitx_unit_total_int=\count334
 (/usr/local/texlive/2024/texmf-dist/tex/latex/tools/array.sty
Package: array 2023/10/16 v2.5g Tabular extension package (FMi)
\col@sep=\dimen292
\ar@mcellbox=\box74
\extrarowheight=\dimen293
\NC@list=\toks49
\extratabsurround=\skip61
\backup@length=\skip62
\ar@cellbox=\box75
)) (/usr/local/texlive/2024/texmf-dist/tex/latex/import/import.sty
Package: import 2020/04/01  v 6.2
) (/usr/local/texlive/2024/texmf-dist/tex/latex/xifthen/xifthen.sty
Package: xifthen 2015/11/05 v1.4.0 Extended ifthen features
 (/usr/local/texlive/2024/texmf-dist/tex/latex/base/ifthen.sty
Package: ifthen 2022/04/13 v1.1d Standard LaTeX ifthen package (DPC)
) (/usr/local/texlive/2024/texmf-dist/tex/latex/ifmtarg/ifmtarg.sty
Package: ifmtarg 2018/04/16 v1.2b check for an empty argument
)) (/usr/local/texlive/2024/texmf-dist/tex/latex/pdfpages/pdfpages.sty
Package: pdfpages 2024/01/21 v0.5y Insert pages of external PDF documents (AM)
 (/usr/local/texlive/2024/texmf-dist/tex/latex/eso-pic/eso-pic.sty
Package: eso-pic 2023/05/03 v3.0c eso-pic (RN)
\ESO@tempdima=\dimen294
\ESO@tempdimb=\dimen295
)
\AM@pagewidth=\dimen296
\AM@pageheight=\dimen297
\AM@fboxrule=\dimen298
 (/usr/local/texlive/2024/texmf-dist/tex/latex/pdfpages/pppdftex.def
File: pppdftex.def 2024/01/21 v0.5y Pdfpages driver for pdfTeX (AM)
)
\pdfpages@includegraphics@status=\count335
\AM@pagebox=\box76
\AM@global@opts=\toks50
\AM@pagecnt=\count336
\AM@toc@title=\toks51
\AM@lof@heading=\toks52
\c@AM@survey=\count337
\AM@templatesizebox=\box77
) (/usr/local/texlive/2024/texmf-dist/tex/latex/transparent/transparent.sty
Package: transparent 2022-10-27 v1.5 Transparency with color stacks
 (/usr/local/texlive/2024/texmf-dist/tex/latex/transparent/transparent-nometadata.sty
Package: transparent-nometadata 2022-10-27 v1.5 Transparency via pdfTeX's color stack (HO)
)) (/usr/local/texlive/2024/texmf-dist/tex/latex/fancyhdr/fancyhdr.sty
Package: fancyhdr 2022/11/09 v4.1 Extensive control of page headers and footers
\f@nch@headwidth=\skip63
\f@nch@O@elh=\skip64
\f@nch@O@erh=\skip65
\f@nch@O@olh=\skip66
\f@nch@O@orh=\skip67
\f@nch@O@elf=\skip68
\f@nch@O@erf=\skip69
\f@nch@O@olf=\skip70
\f@nch@O@orf=\skip71
) (/usr/local/texlive/2024/texmf-dist/tex/latex/thmtools/thmtools.sty
Package: thmtools 2023/05/04 v0.76
\thmt@toks=\toks53
\c@thmt@dummyctr=\count338
 (/usr/local/texlive/2024/texmf-dist/tex/latex/thmtools/thm-patch.sty
Package: thm-patch 2023/05/04 v0.76
 (/usr/local/texlive/2024/texmf-dist/tex/latex/thmtools/parseargs.sty
Package: parseargs 2023/05/04 v0.76
\@parsespec=\toks54
)) (/usr/local/texlive/2024/texmf-dist/tex/latex/thmtools/thm-kv.sty
Package: thm-kv 2023/05/04 v0.76
Package thm-kv Info: Theorem names will be uppercased on input line 42.
Package thm-kv Info: kvsetkeys patch (v1.16 or later) on input line 158.
) (/usr/local/texlive/2024/texmf-dist/tex/latex/thmtools/thm-autoref.sty
Package: thm-autoref 2023/05/04 v0.76
 (/usr/local/texlive/2024/texmf-dist/tex/latex/thmtools/aliasctr.sty
Package: aliasctr 2023/05/04 v0.76
)) (/usr/local/texlive/2024/texmf-dist/tex/latex/thmtools/thm-listof.sty
Package: thm-listof 2023/05/04 v0.76
) (/usr/local/texlive/2024/texmf-dist/tex/latex/thmtools/thm-restate.sty
Package: thm-restate 2023/05/04 v0.76
) (/usr/local/texlive/2024/texmf-dist/tex/latex/thmtools/thm-amsthm.sty
Package: thm-amsthm 2023/05/04 v0.76
\thmt@style@headstyle=\toks55
)) (/usr/local/texlive/2024/texmf-dist/tex/latex/tcolorbox/tcolorbox.sty
Package: tcolorbox 2024/01/10 version 6.2.0 text color boxes
 (/usr/local/texlive/2024/texmf-dist/tex/latex/tools/verbatim.sty
Package: verbatim 2023-11-06 v1.5v LaTeX2e package for verbatim enhancements
\every@verbatim=\toks56
\verbatim@line=\toks57
\verbatim@in@stream=\read4
) (/usr/local/texlive/2024/texmf-dist/tex/latex/environ/environ.sty
Package: environ 2014/05/04 v0.3 A new way to define environments
 (/usr/local/texlive/2024/texmf-dist/tex/latex/trimspaces/trimspaces.sty
Package: trimspaces 2009/09/17 v1.1 Trim spaces around a token list
))
\tcb@titlebox=\box78
\tcb@upperbox=\box79
\tcb@lowerbox=\box80
\tcb@phantombox=\box81
\c@tcbbreakpart=\count339
\c@tcblayer=\count340
\c@tcolorbox@number=\count341
\l__tcobox_tmpa_box=\box82
\l__tcobox_tmpa_dim=\dimen299
\tcb@temp=\box83
\tcb@temp=\box84
\tcb@temp=\box85
\tcb@temp=\box86
) (/usr/local/texlive/2024/texmf-dist/tex/latex/tcolorbox/tcbskins.code.tex
Library (tcolorbox): 'tcbskins.code.tex' version '6.2.0'
(/usr/local/texlive/2024/texmf-dist/tex/latex/tikzfill/tikzfill.image.sty
Package: tikzfill.image 2023/08/08 v1.0.1 Image filling library for TikZ
 (/usr/local/texlive/2024/texmf-dist/tex/latex/tikzfill/tikzfill-common.sty
Package: tikzfill-common 2023/08/08 v1.0.1 Auxiliary code for tikzfill
) (/usr/local/texlive/2024/texmf-dist/tex/latex/tikzfill/tikzlibraryfill.image.code.tex
File: tikzlibraryfill.image.code.tex 2023/08/08 v1.0.1 Image filling library
\l__tikzfill_img_box=\box87
)) (/usr/local/texlive/2024/texmf-dist/tex/latex/tcolorbox/tcbskinsjigsaw.code.tex
Library (tcolorbox): 'tcbskinsjigsaw.code.tex' version '6.2.0'
)) (/usr/local/texlive/2024/texmf-dist/tex/latex/tcolorbox/tcbbreakable.code.tex
Library (tcolorbox): 'tcbbreakable.code.tex' version '6.2.0'
(/usr/local/texlive/2024/texmf-dist/tex/latex/pdfcol/pdfcol.sty
Package: pdfcol 2022-09-21 v1.7 Handle new color stacks for pdfTeX (HO)
)
Package pdfcol Info: New color stack `tcb@breakable' = 2 on input line 23.
\tcb@testbox=\box88
\tcb@totalupperbox=\box89
\tcb@totallowerbox=\box90
)
\c@tcb@cnt@definition=\count342
\c@tcb@cnt@dis=\count343
\c@tcb@cnt@sæt=\count344
) (/usr/local/texlive/2024/texmf-dist/tex/latex/l3backend/l3backend-pdftex.def
File: l3backend-pdftex.def 2024-02-20 L3 backend support: PDF output (pdfTeX)
\l__color_backend_stack_int=\count345
\l__pdf_internal_box=\box91
) (./master.aux)
\openout1 = `master.aux'.

LaTeX Font Info:    Checking defaults for OML/cmm/m/it on input line 4.
LaTeX Font Info:    ... okay on input line 4.
LaTeX Font Info:    Checking defaults for OMS/cmsy/m/n on input line 4.
LaTeX Font Info:    ... okay on input line 4.
LaTeX Font Info:    Checking defaults for OT1/cmr/m/n on input line 4.
LaTeX Font Info:    ... okay on input line 4.
LaTeX Font Info:    Checking defaults for T1/cmr/m/n on input line 4.
LaTeX Font Info:    ... okay on input line 4.
LaTeX Font Info:    Checking defaults for TS1/cmr/m/n on input line 4.
LaTeX Font Info:    ... okay on input line 4.
LaTeX Font Info:    Checking defaults for OMX/cmex/m/n on input line 4.
LaTeX Font Info:    ... okay on input line 4.
LaTeX Font Info:    Checking defaults for U/cmr/m/n on input line 4.
LaTeX Font Info:    ... okay on input line 4.
LaTeX Font Info:    Checking defaults for PD1/pdf/m/n on input line 4.
LaTeX Font Info:    ... okay on input line 4.
LaTeX Font Info:    Checking defaults for PU/pdf/m/n on input line 4.
LaTeX Font Info:    ... okay on input line 4.
 (/usr/local/texlive/2024/texmf-dist/tex/context/base/mkii/supp-pdf.mkii
[Loading MPS to PDF converter (version 2006.09.02).]
\scratchcounter=\count346
\scratchdimen=\dimen300
\scratchbox=\box92
\nofMPsegments=\count347
\nofMParguments=\count348
\everyMPshowfont=\toks58
\MPscratchCnt=\count349
\MPscratchDim=\dimen301
\MPnumerator=\count350
\makeMPintoPDFobject=\count351
\everyMPtoPDFconversion=\toks59
) (/usr/local/texlive/2024/texmf-dist/tex/latex/epstopdf-pkg/epstopdf-base.sty
Package: epstopdf-base 2020-01-24 v2.11 Base part for package epstopdf
Package epstopdf-base Info: Redefining graphics rule for `.eps' on input line 485.
 (/usr/local/texlive/2024/texmf-dist/tex/latex/latexconfig/epstopdf-sys.cfg
File: epstopdf-sys.cfg 2010/07/13 v1.3 Configuration of (r)epstopdf for TeX Live
))
Package pgfplots notification 'compat/show suggested version=true': document has been generated with the most recent feature set (\pgfplotsset{compat=1.18}).

Package hyperref Info: Link coloring OFF on input line 4.
(./master.out) (./master.out)
\@outlinefile=\write4
\openout4 = `master.out'.

 (/usr/local/texlive/2024/texmf-dist/tex/latex/translations/translations-basic-dictionary-english.trsl
File: translations-basic-dictionary-english.trsl (english translation file `translations-basic-dictionary')
)
Package translations Info: loading dictionary `translations-basic-dictionary' for `english'. on input line 4.
 (/usr/local/texlive/2024/texmf-dist/tex/latex/pdflscape/pdflscape.sty
Package: pdflscape 2022-10-27 v0.13 Display of landscape pages in PDF
 (/usr/local/texlive/2024/texmf-dist/tex/latex/pdflscape/pdflscape-nometadata.sty
Package: pdflscape-nometadata 2022-10-28 v0.13 Display of landscape pages in PDF (HO)
 (/usr/local/texlive/2024/texmf-dist/tex/latex/graphics/lscape.sty
Package: lscape 2020/05/28 v3.02 Landscape Pages (DPC)
)
Package pdflscape Info: Auto-detected driver: pdftex on input line 81.
))
LaTeX Font Info:    Trying to load font information for U+msa on input line 6.
 (/usr/local/texlive/2024/texmf-dist/tex/latex/amsfonts/umsa.fd
File: umsa.fd 2013/01/14 v3.01 AMS symbols A
)
LaTeX Font Info:    Trying to load font information for U+msb on input line 6.
 (/usr/local/texlive/2024/texmf-dist/tex/latex/amsfonts/umsb.fd
File: umsb.fd 2013/01/14 v3.01 AMS symbols B
) (./master.toc [1

{/usr/local/texlive/2024/texmf-var/fonts/map/pdftex/updmap/pdftex.map}] [2] [3] [4] [5] [6] [7])
\tf@toc=\write5
\openout5 = `master.toc'.

 [8] (./foreword.tex) (./lec_01.tex [9

]
<./figures/F1_1.png, id=1029, 614.295pt x 468.75125pt>
File: ./figures/F1_1.png Graphic file (type png)
<use ./figures/F1_1.png>
Package pdftex.def Info: ./figures/F1_1.png  used on input line 43.
(pdftex.def)             Requested size: 305.33788pt x 232.9946pt.
 [10{/usr/local/texlive/2024/texmf-dist/fonts/enc/dvips/cm-super/cm-super-ts1.enc} <./figures/F1_1.png>]) (./lec_02.tex
pdfTeX warning (ext4): destination with the same identifier (name{figure.1}) has been already used, duplicate ignored
<to be read again> 
                   \relax 
l.7   \caption{Bohr's model}
                            
<./figures/F2_1.png, id=1047, 237.88875pt x 153.57375pt>
File: ./figures/F2_1.png Graphic file (type png)
<use ./figures/F2_1.png>
Package pdftex.def Info: ./figures/F2_1.png  used on input line 8.
(pdftex.def)             Requested size: 164.4171pt x 106.14642pt.
<./figures/F2_2.png, id=1050, 786.94pt x 486.81876pt>
File: ./figures/F2_2.png Graphic file (type png)
<use ./figures/F2_2.png>
Package pdftex.def Info: ./figures/F2_2.png  used on input line 18.
(pdftex.def)             Requested size: 305.33788pt x 188.88545pt.
 [11 <./figures/F2_1.png>]
<./figures/F2_3.png, id=1062, 756.8275pt x 499.8675pt>
File: ./figures/F2_3.png Graphic file (type png)
<use ./figures/F2_3.png>
Package pdftex.def Info: ./figures/F2_3.png  used on input line 31.
(pdftex.def)             Requested size: 258.36667pt x 170.64679pt.
<./figures/F2_4.png, id=1065, 963.6pt x 722.7pt>
File: ./figures/F2_4.png Graphic file (type png)
<use ./figures/F2_4.png>
Package pdftex.def Info: ./figures/F2_4.png  used on input line 38.
(pdftex.def)             Requested size: 258.36667pt x 193.77522pt.
 [12 <./figures/F2_2.png> <./figures/F2_3.png>]
<./figures/F2_5.png, id=1076, 563.10374pt x 306.14375pt>
File: ./figures/F2_5.png Graphic file (type png)
<use ./figures/F2_5.png>
Package pdftex.def Info: ./figures/F2_5.png  used on input line 50.
(pdftex.def)             Requested size: 375.80542pt x 204.31644pt.

pdfTeX warning (ext4): destination with the same identifier (name{figure.1}) has been already used, duplicate ignored
<to be read again> 
                   \relax 
l.59 ...rn$ should be $r^n$, where $n \approx 6$.}
                                                  
<./figures/F2_6.png, id=1078, 546.04pt x 233.87375pt>
File: ./figures/F2_6.png Graphic file (type png)
<use ./figures/F2_6.png>
Package pdftex.def Info: ./figures/F2_6.png  used on input line 60.
(pdftex.def)             Requested size: 352.31624pt x 150.89914pt.
 [13 <./figures/F2_4.png> <./figures/F2_5.png>] [14 <./figures/F2_6.png>]) (./lec_03.tex
pdfTeX warning (ext4): destination with the same identifier (name{figure.1}) has been already used, duplicate ignored
<to be read again> 
                   \relax 
l.8 ...ing energy as a function of bonding length}
                                                  
<./figures/f3_1.png, id=1092, 520.94624pt x 327.2225pt>
File: ./figures/f3_1.png Graphic file (type png)
<use ./figures/f3_1.png>
Package pdftex.def Info: ./figures/f3_1.png  used on input line 9.
(pdftex.def)             Requested size: 234.87749pt x 147.53336pt.
 [15 <./figures/f3_1.png>]
pdfTeX warning (ext4): destination with the same identifier (name{figure.2}) has been already used, duplicate ignored
<to be read again> 
                   \relax 
l.29 ...on{The two representations of unit cells.}
                                                  
<./figures/f3_2.png, id=1100, 403.5075pt x 256.96pt>
File: ./figures/f3_2.png Graphic file (type png)
<use ./figures/f3_2.png>
Package pdftex.def Info: ./figures/f3_2.png  used on input line 30.
(pdftex.def)             Requested size: 234.87749pt x 149.57405pt.
 [16 <./figures/f3_2.png>]
pdfTeX warning (ext4): destination with the same identifier (name{figure.3}) has been already used, duplicate ignored
<to be read again> 
                   \relax 
l.46 ... of common crystal structures for metals.}
                                                  
<./figures/f3_3.png, id=1111, 445.665pt x 204.765pt>
File: ./figures/f3_3.png Graphic file (type png)
<use ./figures/f3_3.png>
Package pdftex.def Info: ./figures/f3_3.png  used on input line 47.
(pdftex.def)             Requested size: 234.87749pt x 107.91565pt.

pdfTeX warning (ext4): destination with the same identifier (name{figure.4}) has been already used, duplicate ignored
<to be read again> 
                   \relax 
l.53 ...ption{Metals and their crystal structure.}
                                                  
<./figures/f3_4.png, id=1114, 443.6575pt x 204.765pt>
File: ./figures/f3_4.png Graphic file (type png)
<use ./figures/f3_4.png>
Package pdftex.def Info: ./figures/f3_4.png  used on input line 54.
(pdftex.def)             Requested size: 234.87749pt x 108.40306pt.
 [17 <./figures/f3_3.png> <./figures/f3_4.png>]
pdfTeX warning (ext4): destination with the same identifier (name{figure.5}) has been already used, duplicate ignored
<to be read again> 
                   \relax 
l.89 ...xial relationships and interaxial angles.}
                                                  
<./figures/f3_5.png, id=1122, 436.63126pt x 468.75125pt>
File: ./figures/f3_5.png Graphic file (type png)
<use ./figures/f3_5.png>
Package pdftex.def Info: ./figures/f3_5.png  used on input line 90.
(pdftex.def)             Requested size: 234.87749pt x 252.1563pt.
 [18] [19 <./figures/f3_5.png>]
<./figures/f3_6.png, id=1140, 540.0175pt x 221.82875pt>
File: ./figures/f3_6.png Graphic file (type png)
<use ./figures/f3_6.png>
Package pdftex.def Info: ./figures/f3_6.png  used on input line 149.
(pdftex.def)             Requested size: 150.32503pt x 61.74944pt.
<./figures/f3_7.png, id=1141, 534.99875pt x 214.8025pt>
File: ./figures/f3_7.png Graphic file (type png)
<use ./figures/f3_7.png>
Package pdftex.def Info: ./figures/f3_7.png  used on input line 157.
(pdftex.def)             Requested size: 150.32503pt x 60.35405pt.
<./figures/f3_8.png, id=1142, 542.025pt x 206.7725pt>
File: ./figures/f3_8.png Graphic file (type png)
<use ./figures/f3_8.png>
Package pdftex.def Info: ./figures/f3_8.png  used on input line 165.
(pdftex.def)             Requested size: 150.32503pt x 57.34691pt.
) (./lec_04.tex [20 <./figures/f3_6.png> <./figures/f3_7.png> <./figures/f3_8.png>]
pdfTeX warning (ext4): destination with the same identifier (name{figure.1}) has been already used, duplicate ignored
<to be read again> 
                   \relax 
l.22   \caption{Solidification process}
                                       
<./figures/f4_1.png, id=1157, 578.16pt x 191.71625pt>
File: ./figures/f4_1.png Graphic file (type png)
<use ./figures/f4_1.png>
Package pdftex.def Info: ./figures/f4_1.png  used on input line 23.
(pdftex.def)             Requested size: 352.31624pt x 116.8268pt.
 [21 <./figures/f4_1.png>]
pdfTeX warning (ext4): destination with the same identifier (name{figure.2}) has been already used, duplicate ignored
<to be read again> 
                   \relax 
l.54 ...e to different solidification conditions.}
                                                  
<./figures/f4_2.png, id=1171, 583.17876pt x 293.095pt>
File: ./figures/f4_2.png Graphic file (type png)
<use ./figures/f4_2.png>
Package pdftex.def Info: ./figures/f4_2.png  used on input line 55.
(pdftex.def)             Requested size: 305.33788pt x 153.46124pt.
 [22 <./figures/f4_2.png>]
pdfTeX warning (ext4): destination with the same identifier (name{figure.1}) has been already used, duplicate ignored
<to be read again> 
                   \relax 
l.102   \caption{Vacancy in a crystal lattice}
                                              
<./figures/f4_3.png, id=1178, 455.7025pt x 126.4725pt>
File: ./figures/f4_3.png Graphic file (type png)
<use ./figures/f4_3.png>
Package pdftex.def Info: ./figures/f4_3.png  used on input line 103.
(pdftex.def)             Requested size: 305.33788pt x 84.74384pt.
 [23]
pdfTeX warning (ext4): destination with the same identifier (name{figure.2}) has been already used, duplicate ignored
<to be read again> 
                   \relax 
l.126 ...Interstitial defect in a crystal lattice}
                                                  
<./figures/f4_4.png, id=1186, 453.695pt x 137.51375pt>
File: ./figures/f4_4.png Graphic file (type png)
<use ./figures/f4_4.png>
Package pdftex.def Info: ./figures/f4_4.png  used on input line 127.
(pdftex.def)             Requested size: 305.33788pt x 92.54709pt.
 [24 <./figures/f4_3.png> <./figures/f4_4.png>]
pdfTeX warning (ext4): destination with the same identifier (name{figure.3}) has been already used, duplicate ignored
<to be read again> 
                   \relax 
l.152 ...titutional impurity in a crystal lattice}
                                                  
<./figures/f4_5.png, id=1194, 223.83624pt x 218.8175pt>
File: ./figures/f4_5.png Graphic file (type png)
<use ./figures/f4_5.png>
Package pdftex.def Info: ./figures/f4_5.png  used on input line 153.
(pdftex.def)             Requested size: 140.92792pt x 137.77228pt.
 [25 <./figures/f4_5.png>] [26] [27]
pdfTeX warning (ext4): destination with the same identifier (name{figure.4}) has been already used, duplicate ignored
<to be read again> 
                   \relax 
l.259 ...on{Edge dislocation in a crystal lattice}
                                                  
<./figures/f4_6.png, id=1225, 370.38374pt x 315.1775pt>
File: ./figures/f4_6.png Graphic file (type png)
<use ./figures/f4_6.png>
Package pdftex.def Info: ./figures/f4_6.png  used on input line 260.
(pdftex.def)             Requested size: 164.4171pt x 139.90968pt.
 [28 <./figures/f4_6.png>]
pdfTeX warning (ext4): destination with the same identifier (name{figure.5}) has been already used, duplicate ignored
<to be read again> 
                   \relax 
l.283 ...n{Screw dislocation in a crystal lattice}
                                                  
<./figures/f4_7.png, id=1232, 613.29124pt x 347.2975pt>
File: ./figures/f4_7.png Graphic file (type png)
<use ./figures/f4_7.png>
Package pdftex.def Info: ./figures/f4_7.png  used on input line 284.
(pdftex.def)             Requested size: 258.36667pt x 146.3091pt.

pdfTeX warning (ext4): destination with the same identifier (name{figure.6}) has been already used, duplicate ignored
<to be read again> 
                   \relax 
l.301 ...n{Mixed dislocation in a crystal lattice}
                                                  
<./figures/f4_8.png, id=1234, 570.13pt x 352.31625pt>
File: ./figures/f4_8.png Graphic file (type png)
<use ./figures/f4_8.png>
Package pdftex.def Info: ./figures/f4_8.png  used on input line 302.
(pdftex.def)             Requested size: 234.87749pt x 145.14409pt.

pdfTeX warning (ext4): destination with the same identifier (name{figure.7}) has been already used, duplicate ignored
<to be read again> 
                   \relax 
l.310 ...ic deformation in a single-crystal metal}
                                                  
<./figures/f4_9.png, id=1236, 569.12625pt x 228.855pt>
File: ./figures/f4_9.png Graphic file (type png)
<use ./figures/f4_9.png>
Package pdftex.def Info: ./figures/f4_9.png  used on input line 311.
(pdftex.def)             Requested size: 352.31624pt x 141.6791pt.
 [29 <./figures/f4_7.png>] [30 <./figures/f4_8.png> <./figures/f4_9.png>]
pdfTeX warning (ext4): destination with the same identifier (name{figure.8}) has been already used, duplicate ignored
<to be read again> 
                   \relax 
l.336 ...ption{Twin boundary in a crystal lattice}
                                                  
<./figures/f4_10.png, id=1249, 274.02374pt x 177.66376pt>
File: ./figures/f4_10.png Graphic file (type png)
<use ./figures/f4_10.png>
Package pdftex.def Info: ./figures/f4_10.png  used on input line 337.
(pdftex.def)             Requested size: 211.3883pt x 137.05634pt.
<./figures/f4_11.png, id=1251, 343.2825pt x 297.11pt>
File: ./figures/f4_11.png Graphic file (type png)
<use ./figures/f4_11.png>
Package pdftex.def Info: ./figures/f4_11.png  used on input line 363.
(pdftex.def)             Requested size: 164.4171pt x 142.29836pt.
 [31 <./figures/f4_10.png>] [32 <./figures/f4_11.png>]
<./figures/f4_12.png, id=1267, 502.87875pt x 204.765pt>
File: ./figures/f4_12.png Graphic file (type png)
<use ./figures/f4_12.png>
Package pdftex.def Info: ./figures/f4_12.png  used on input line 395.
(pdftex.def)             Requested size: 305.33788pt x 124.32843pt.
) (./lec_05.tex
pdfTeX warning (ext4): destination with the same identifier (name{figure.1}) has been already used, duplicate ignored
<to be read again> 
                   \relax 
l.26 ...terials at the interface of the materials}
                                                  
<./figures/f5_1.png, id=1269, 585.18625pt x 328.22626pt>
File: ./figures/f5_1.png Graphic file (type png)
<use ./figures/f5_1.png>
Package pdftex.def Info: ./figures/f5_1.png  used on input line 27.
(pdftex.def)             Requested size: 234.87749pt x 131.73892pt.
 [33 <./figures/f4_12.png>]
pdfTeX warning (ext4): destination with the same identifier (name{figure.2}) has been already used, duplicate ignored
<to be read again> 
                   \relax 
l.34 ...ption{Self-diffusion in a crystal lattice}
                                                  
<./figures/f5_2.png, id=1281, 497.86pt x 199.74625pt>
File: ./figures/f5_2.png Graphic file (type png)
<use ./figures/f5_2.png>
Package pdftex.def Info: ./figures/f5_2.png  used on input line 35.
(pdftex.def)             Requested size: 234.87749pt x 94.23735pt.

pdfTeX warning (ext4): destination with the same identifier (name{figure.3}) has been already used, duplicate ignored
<to be read again> 
                   \relax 
l.43 ...on{Vacancy diffusion in a crystal lattice}
                                                  
<./figures/f5_3.png, id=1283, 462.72874pt x 177.66376pt>
File: ./figures/f5_3.png Graphic file (type png)
<use ./figures/f5_3.png>
Package pdftex.def Info: ./figures/f5_3.png  used on input line 44.
(pdftex.def)             Requested size: 234.87749pt x 90.18169pt.

pdfTeX warning (ext4): destination with the same identifier (name{figure.4}) has been already used, duplicate ignored
<to be read again> 
                   \relax 
l.52 ...terstitial diffusion in a crystal lattice}
                                                  
<./figures/f5_4.png, id=1285, 499.8675pt x 268.00125pt>
File: ./figures/f5_4.png Graphic file (type png)
<use ./figures/f5_4.png>
Package pdftex.def Info: ./figures/f5_4.png  used on input line 53.
(pdftex.def)             Requested size: 234.87749pt x 125.92787pt.
 [34 <./figures/f5_1.png> <./figures/f5_2.png>]
pdfTeX warning (ext4): destination with the same identifier (name{figure.5}) has been already used, duplicate ignored
<to be read again> 
                   \relax 
l.80   \caption{Linear concentration gradient}
                                              
<./figures/f5_5.png, id=1293, 312.16624pt x 198.7425pt>
File: ./figures/f5_5.png Graphic file (type png)
<use ./figures/f5_5.png>
Package pdftex.def Info: ./figures/f5_5.png  used on input line 81.
(pdftex.def)             Requested size: 234.87749pt x 149.53867pt.
 [35 <./figures/f5_3.png> <./figures/f5_4.png>]
pdfTeX warning (ext4): destination with the same identifier (name{figure.6}) has been already used, duplicate ignored
<to be read again> 
                   \relax 
l.114 ...coefficient as a function of temperature}
                                                  
<./figures/f5_6.png, id=1302, 591.20876pt x 301.125pt>
File: ./figures/f5_6.png Graphic file (type png)
<use ./figures/f5_6.png>
Package pdftex.def Info: ./figures/f5_6.png  used on input line 115.
(pdftex.def)             Requested size: 281.85585pt x 143.56425pt.

pdfTeX warning (ext4): destination with the same identifier (name{figure.7}) has been already used, duplicate ignored
<to be read again> 
                   \relax 
l.120 ...nations and their diffusion coefficients}
                                                  
<./figures/f5_7.png, id=1303, 566.115pt x 286.06876pt>
File: ./figures/f5_7.png Graphic file (type png)
<use ./figures/f5_7.png>
Package pdftex.def Info: ./figures/f5_7.png  used on input line 121.
(pdftex.def)             Requested size: 328.82706pt x 166.16443pt.
 [36 <./figures/f5_5.png>] [37 <./figures/f5_6.png> <./figures/f5_7.png>]
pdfTeX warning (ext4): destination with the same identifier (name{figure.8}) has been already used, duplicate ignored
<to be read again> 
                   \relax 
l.168   \caption{Copper diffusing into aluminum}
                                                
<./figures/f5_8.png, id=1320, 552.0625pt x 346.29375pt>
File: ./figures/f5_8.png Graphic file (type png)
<use ./figures/f5_8.png>
Package pdftex.def Info: ./figures/f5_8.png  used on input line 169.
(pdftex.def)             Requested size: 352.31624pt x 221.009pt.
 [38] [39 <./figures/f5_8.png>]) (./lec_06.tex [40]
pdfTeX warning (ext4): destination with the same identifier (name{figure.1}) has been already used, duplicate ignored
<to be read again> 
                   \relax 
l.53 ...p between EM and interatomic interactions}
                                                  
<./figures/f6_1.png, id=1339, 375.4025pt x 210.7875pt>
File: ./figures/f6_1.png Graphic file (type png)
<use ./figures/f6_1.png>
Package pdftex.def Info: ./figures/f6_1.png  used on input line 54.
(pdftex.def)             Requested size: 234.87749pt x 131.8866pt.

pdfTeX warning (ext4): destination with the same identifier (name{figure.2}) has been already used, duplicate ignored
<to be read again> 
                   \relax 
l.59 ...mmon materials ($y$-axis is given in MPa)}
                                                  
<./figures/f6_2.png, id=1340, 299.1175pt x 374.39874pt>
File: ./figures/f6_2.png Graphic file (type png)
<use ./figures/f6_2.png>
Package pdftex.def Info: ./figures/f6_2.png  used on input line 60.
(pdftex.def)             Requested size: 164.4171pt x 205.79997pt.
 [41]
pdfTeX warning (ext4): destination with the same identifier (name{figure.3}) has been already used, duplicate ignored
<to be read again> 
                   \relax 
l.90   \caption{Stresses on different planes}
                                             
<./figures/f6_3.png, id=1346, 134.5025pt x 307.1475pt>
File: ./figures/f6_3.png Graphic file (type png)
<use ./figures/f6_3.png>
Package pdftex.def Info: ./figures/f6_3.png  used on input line 91.
(pdftex.def)             Requested size: 70.46037pt x 160.90335pt.
 [42 <./figures/f6_1.png> <./figures/f6_2.png>] [43 <./figures/f6_3.png>]) (./lec_07.tex
pdfTeX warning (ext4): destination with the same identifier (name{figure.1}) has been already used, duplicate ignored
<to be read again> 
                   \relax 
l.8   \caption{Elastic and plastic strain}
                                          
<./figures/f7_1.png, id=1361, 1058.95625pt x 565.11125pt>
File: ./figures/f7_1.png Graphic file (type png)
<use ./figures/f7_1.png>
Package pdftex.def Info: ./figures/f7_1.png  used on input line 9.
(pdftex.def)             Requested size: 281.85585pt x 150.4091pt.

pdfTeX warning (ext4): destination with the same identifier (name{figure.2}) has been already used, duplicate ignored
<to be read again> 
                   \relax 
l.18   \caption{Stress-strain curve for steel}
                                              
<./figures/f7_2.png, id=1363, 578.16pt x 350.30875pt>
File: ./figures/f7_2.png Graphic file (type png)
<use ./figures/f7_2.png>
Package pdftex.def Info: ./figures/f7_2.png  used on input line 19.
(pdftex.def)             Requested size: 328.82706pt x 199.2344pt.
 [44 <./figures/f7_1.png>]
pdfTeX warning (ext4): destination with the same identifier (name{figure.3}) has been already used, duplicate ignored
<to be read again> 
                   \relax 
l.37   \caption{Elastic strain recovery}
                                        
<./figures/f7_3.png, id=1371, 314.17375pt x 338.26375pt>
File: ./figures/f7_3.png Graphic file (type png)
<use ./figures/f7_3.png>
Package pdftex.def Info: ./figures/f7_3.png  used on input line 38.
(pdftex.def)             Requested size: 234.87749pt x 252.88683pt.
 [45 <./figures/f7_2.png>] [46 <./figures/f7_3.png>] [47]) (./lec_08.tex
pdfTeX warning (ext4): destination with the same identifier (name{figure.1}) has been already used, duplicate ignored
<to be read again> 
                   \relax 
l.7 ...of an edge dislocation due to shear stress}
                                                  
<./figures/f8_1.png, id=1388, 613.29124pt x 220.825pt>
File: ./figures/f8_1.png Graphic file (type png)
<use ./figures/f8_1.png>
Package pdftex.def Info: ./figures/f8_1.png  used on input line 8.
(pdftex.def)             Requested size: 234.87749pt x 84.57141pt.

pdfTeX warning (ext4): destination with the same identifier (name{figure.2}) has been already used, duplicate ignored
<to be read again> 
                   \relax 
l.21   \caption{Slip system for FCC}
                                    
<./figures/f8_2.png, id=1390, 395.4775pt x 187.70125pt>
File: ./figures/f8_2.png Graphic file (type png)
<use ./figures/f8_2.png>
Package pdftex.def Info: ./figures/f8_2.png  used on input line 22.
(pdftex.def)             Requested size: 234.87749pt x 111.47884pt.
 [48 <./figures/f8_1.png>]
pdfTeX warning (ext4): destination with the same identifier (name{figure.3}) has been already used, duplicate ignored
<to be read again> 
                   \relax 
l.31   \caption{Slipping in a single crystal}
                                             
<./figures/f8_3.png, id=1398, 164.615pt x 256.96pt>
File: ./figures/f8_3.png Graphic file (type png)
<use ./figures/f8_3.png>
Package pdftex.def Info: ./figures/f8_3.png  used on input line 32.
(pdftex.def)             Requested size: 117.43874pt x 183.32115pt.

pdfTeX warning (ext4): destination with the same identifier (name{figure.4}) has been already used, duplicate ignored
<to be read again> 
                   \relax 
l.41 ...tion{Distortion of grains due to slipping}
                                                  
<./figures/f8_4.png, id=1400, 398.48875pt x 188.705pt>
File: ./figures/f8_4.png Graphic file (type png)
<use ./figures/f8_4.png>
Package pdftex.def Info: ./figures/f8_4.png  used on input line 42.
(pdftex.def)             Requested size: 281.85585pt x 133.47758pt.
 [49 <./figures/f8_2.png> <./figures/f8_3.png>]
pdfTeX warning (ext4): destination with the same identifier (name{figure.1}) has been already used, duplicate ignored
<to be read again> 
                   \relax 
l.60 ...ption{Slip planes across grain boundaries}
                                                  
<./figures/f8_5.png, id=1409, 384.43625pt x 190.7125pt>
File: ./figures/f8_5.png Graphic file (type png)
<use ./figures/f8_5.png>
Package pdftex.def Info: ./figures/f8_5.png  used on input line 61.
(pdftex.def)             Requested size: 234.87749pt x 116.52069pt.
 [50 <./figures/f8_4.png> <./figures/f8_5.png>]
pdfTeX warning (ext4): destination with the same identifier (name{figure.2}) has been already used, duplicate ignored
<to be read again> 
                   \relax 
l.77 ...essive strains around an edge dislocation}
                                                  
<./figures/f8_6.png, id=1418, 463.7325pt x 302.12875pt>
File: ./figures/f8_6.png Graphic file (type png)
<use ./figures/f8_6.png>
Package pdftex.def Info: ./figures/f8_6.png  used on input line 78.
(pdftex.def)             Requested size: 234.87749pt x 153.02791pt.
 [51 <./figures/f8_6.png>]
pdfTeX warning (ext4): destination with the same identifier (name{figure.3}) has been already used, duplicate ignored
<to be read again> 
                   \relax 
l.110 ...ption{Effect of annealing on temperature}
                                                  
<./figures/f8_7.png, id=1427, 371.3875pt x 378.41376pt>
File: ./figures/f8_7.png Graphic file (type png)
<use ./figures/f8_7.png>
Package pdftex.def Info: ./figures/f8_7.png  used on input line 111.
(pdftex.def)             Requested size: 211.3883pt x 215.39204pt.
) (./lec_09.tex
pdfTeX warning (ext4): destination with the same identifier (name{tcb@cnt@dis.1}) has been already used, duplicate ignored
<to be read again> 
                   \relax 
l.4 ... of the design of a compononent or product]
                                                   [52 <./figures/f8_7.png>]
pdfTeX warning (ext4): destination with the same identifier (name{figure.1}) has been already used, duplicate ignored
<to be read again> 
                   \relax 
l.24 ...\textit{Very Ductile} to \textit{Brittle}}
                                                  
<./figures/f9_1.png, id=1435, 392.46625pt x 335.2525pt>
File: ./figures/f9_1.png Graphic file (type png)
<use ./figures/f9_1.png>
Package pdftex.def Info: ./figures/f9_1.png  used on input line 25.
(pdftex.def)             Requested size: 117.43874pt x 100.31563pt.
<./figures/f9_2.png, id=1438, 516.93124pt x 253.94875pt>
File: ./figures/f9_2.png Graphic file (type png)
<use ./figures/f9_2.png>
Package pdftex.def Info: ./figures/f9_2.png  used on input line 36.
(pdftex.def)             Requested size: 272.45874pt x 133.85207pt.

pdfTeX warning (ext4): destination with the same identifier (name{figure.2}) has been already used, duplicate ignored
<to be read again> 
                   \relax 
l.37 ... and a \textit{totally brittle} material.}
                                                  
pdfTeX warning (ext4): destination with the same identifier (name{figure.2}) has been already used, duplicate ignored
<to be read again> 
                   \relax 
l.37 ... and a \textit{totally brittle} material.}
                                                  
<./figures/f9_3.png, id=1439, 447.6725pt x 348.30125pt>
File: ./figures/f9_3.png Graphic file (type png)
<use ./figures/f9_3.png>
Package pdftex.def Info: ./figures/f9_3.png  used on input line 43.
(pdftex.def)             Requested size: 178.50919pt x 138.88754pt.

pdfTeX warning (ext4): destination with the same identifier (name{figure.3}) has been already used, duplicate ignored
<to be read again> 
                   \relax 
l.44 ...and \textit{brittle} fracturing in pipes.}
                                                  
pdfTeX warning (ext4): destination with the same identifier (name{figure.3}) has been already used, duplicate ignored
<to be read again> 
                   \relax 
l.44 ...and \textit{brittle} fracturing in pipes.}
                                                   [53 <./figures/f9_1.png>]
pdfTeX warning (ext4): destination with the same identifier (name{figure.4}) has been already used, duplicate ignored
<to be read again> 
                   \relax 
l.60 ...fracture of a moderately ductile material}
                                                  
<./figures/f9_4.png, id=1452, 546.04pt x 333.245pt>
File: ./figures/f9_4.png Graphic file (type png)
<use ./figures/f9_4.png>
Package pdftex.def Info: ./figures/f9_4.png  used on input line 61.
(pdftex.def)             Requested size: 234.87749pt x 143.3434pt.
 [54 <./figures/f9_2.png> <./figures/f9_3.png> <./figures/f9_4.png>]
pdfTeX warning (ext4): destination with the same identifier (name{figure.1}) has been already used, duplicate ignored
<to be read again> 
                   \relax 
l.70 ...tion{Concentration of stress around flaws}
                                                  
<./figures/f9_5.png, id=1465, 239.89626pt x 313.17pt>
File: ./figures/f9_5.png Graphic file (type png)
<use ./figures/f9_5.png>
Package pdftex.def Info: ./figures/f9_5.png  used on input line 71.
(pdftex.def)             Requested size: 117.43874pt x 153.31128pt.
<./figures/f9_6.png, id=1469, 226.8475pt x 343.2825pt>
File: ./figures/f9_6.png Graphic file (type png)
<use ./figures/f9_6.png>
Package pdftex.def Info: ./figures/f9_6.png  used on input line 90.
(pdftex.def)             Requested size: 155.02pt x 234.58661pt.

pdfTeX warning (ext4): destination with the same identifier (name{figure.2}) has been already used, duplicate ignored
<to be read again> 
                   \relax 
l.91 ...ncentration close to the edges of defects}
                                                  
pdfTeX warning (ext4): destination with the same identifier (name{figure.2}) has been already used, duplicate ignored
<to be read again> 
                   \relax 
l.91 ...ncentration close to the edges of defects}
                                                  
<./figures/f9_7.png, id=1470, 550.055pt x 310.15875pt>
File: ./figures/f9_7.png Graphic file (type png)
<use ./figures/f9_7.png>
Package pdftex.def Info: ./figures/f9_7.png  used on input line 97.
(pdftex.def)             Requested size: 305.33788pt x 172.17326pt.

pdfTeX warning (ext4): destination with the same identifier (name{figure.3}) has been already used, duplicate ignored
<to be read again> 
                   \relax 
l.98 ...tion of dimensions on fracture properties}
                                                   [55 <./figures/f9_5.png>] [56 <./figures/f9_6.png> <./figures/f9_7.png>]
pdfTeX warning (ext4): destination with the same identifier (name{figure.1}) has been already used, duplicate ignored
<to be read again> 
                   \relax 
l.129   \caption{The three main fracture modes}
                                               
<./figures/f9_8.png, id=1487, 282.05376pt x 101.37875pt>
File: ./figures/f9_8.png Graphic file (type png)
<use ./figures/f9_8.png>
Package pdftex.def Info: ./figures/f9_8.png  used on input line 130.
(pdftex.def)             Requested size: 234.87749pt x 84.42278pt.
) (./lec_10.tex [57 <./figures/f9_8.png>]
pdfTeX warning (ext4): destination with the same identifier (name{figure.1}) has been already used, duplicate ignored
<to be read again> 
                   \relax 
l.12   \caption{Gear fractured due to fatigue}
                                              
<./figures/f10_1.png, id=1497, 314.17375pt x 245.91875pt>
File: ./figures/f10_1.png Graphic file (type png)
<use ./figures/f10_1.png>
Package pdftex.def Info: ./figures/f10_1.png  used on input line 13.
(pdftex.def)             Requested size: 234.87749pt x 183.84947pt.

pdfTeX warning (ext4): destination with the same identifier (name{figure.2}) has been already used, duplicate ignored
<to be read again> 
                   \relax 
l.22 ...ion{Sinusoidal behaviour of fatigue tests}
                                                  
<./figures/f10_2.png, id=1498, 368.37625pt x 189.70876pt>
File: ./figures/f10_2.png Graphic file (type png)
<use ./figures/f10_2.png>
Package pdftex.def Info: ./figures/f10_2.png  used on input line 23.
(pdftex.def)             Requested size: 234.87749pt x 120.95871pt.
 [58 <./figures/f10_1.png>]
pdfTeX warning (ext4): destination with the same identifier (name{figure.3}) has been already used, duplicate ignored
<to be read again> 
                   \relax 
l.39   \caption{SN curve for steel and Al}
                                          
<./figures/f10_3.png, id=1508, 312.16624pt x 365.365pt>
File: ./figures/f10_3.png Graphic file (type png)
<use ./figures/f10_3.png>
Package pdftex.def Info: ./figures/f10_3.png  used on input line 40.
(pdftex.def)             Requested size: 117.43874pt x 137.45197pt.
 [59 <./figures/f10_2.png> <./figures/f10_3.png>]
pdfTeX warning (ext4): destination with the same identifier (name{figure.1}) has been already used, duplicate ignored
<to be read again> 
                   \relax 
l.60   \caption{The three stages of creep}
                                          
<./figures/f10_4.png, id=1516, 300.12125pt x 229.85875pt>
File: ./figures/f10_4.png Graphic file (type png)
<use ./figures/f10_4.png>
Package pdftex.def Info: ./figures/f10_4.png  used on input line 61.
(pdftex.def)             Requested size: 234.87749pt x 179.89586pt.

pdfTeX warning (ext4): destination with the same identifier (name{figure.2}) has been already used, duplicate ignored
<to be read again> 
                   \relax 
l.75 ...ption{The temperature dependence of creep}
                                                  
<./figures/f10_5.png, id=1519, 376.40625pt x 256.96pt>
File: ./figures/f10_5.png Graphic file (type png)
<use ./figures/f10_5.png>
Package pdftex.def Info: ./figures/f10_5.png  used on input line 76.
(pdftex.def)             Requested size: 234.87749pt x 160.34866pt.
 [60 <./figures/f10_4.png>]
pdfTeX warning (ext4): destination with the same identifier (name{figure.3}) has been already used, duplicate ignored
<to be read again> 
                   \relax 
l.100 ...e time using the Larson-Miller parameter}
                                                  
<./figures/f10_6.png, id=1526, 560.0925pt x 352.31625pt>
File: ./figures/f10_6.png Graphic file (type png)
<use ./figures/f10_6.png>
Package pdftex.def Info: ./figures/f10_6.png  used on input line 101.
(pdftex.def)             Requested size: 234.87749pt x 147.74602pt.
) (./lec_11.tex [61 <./figures/f10_5.png>]
pdfTeX warning (ext4): destination with the same identifier (name{figure.1}) has been already used, duplicate ignored
<to be read again> 
                   \relax 
l.22 ...on{Two different addition polymerisations}
                                                  
<./figures/f11_1.png, id=1534, 815.045pt x 356.33125pt>
File: ./figures/f11_1.png Graphic file (type png)
<use ./figures/f11_1.png>
Package pdftex.def Info: ./figures/f11_1.png  used on input line 23.
(pdftex.def)             Requested size: 352.31624pt x 154.02957pt.
 [62 <./figures/f10_6.png>]
pdfTeX warning (ext4): destination with the same identifier (name{figure.2}) has been already used, duplicate ignored
<to be read again> 
                   \relax 
l.32   \caption{A condensation polymerisation}
                                              
<./figures/f11_2.png, id=1543, 693.59125pt x 143.53625pt>
File: ./figures/f11_2.png Graphic file (type png)
<use ./figures/f11_2.png>
Package pdftex.def Info: ./figures/f11_2.png  used on input line 33.
(pdftex.def)             Requested size: 234.87749pt x 48.60674pt.

pdfTeX warning (ext4): destination with the same identifier (name{figure.3}) has been already used, duplicate ignored
<to be read again> 
                   \relax 
l.53 ...ence between step-growth and chain-growth}
                                                  
<./figures/f11_3.png, id=1545, 810.02625pt x 449.68pt>
File: ./figures/f11_3.png Graphic file (type png)
<use ./figures/f11_3.png>
Package pdftex.def Info: ./figures/f11_3.png  used on input line 54.
(pdftex.def)             Requested size: 352.31624pt x 195.58862pt.
 [63 <./figures/f11_1.png> <./figures/f11_2.png>]
pdfTeX warning (ext4): destination with the same identifier (name{figure.4}) has been already used, duplicate ignored
<to be read again> 
                   \relax 
l.70 ...ber average molecular weight distribution}
                                                  
<./figures/f11_4.png, id=1561, 795.97375pt x 248.93pt>
File: ./figures/f11_4.png Graphic file (type png)
<use ./figures/f11_4.png>
Package pdftex.def Info: ./figures/f11_4.png  used on input line 71.
(pdftex.def)             Requested size: 352.31624pt x 110.17905pt.

pdfTeX warning (ext4): destination with the same identifier (name{figure.5}) has been already used, duplicate ignored
<to be read again> 
                   \relax 
l.76 ...ght average molecular weight distribution}
                                                  
<./figures/f11_5.png, id=1562, 803.0pt x 247.92625pt>
File: ./figures/f11_5.png Graphic file (type png)
<use ./figures/f11_5.png>
Package pdftex.def Info: ./figures/f11_5.png  used on input line 77.
(pdftex.def)             Requested size: 352.31624pt x 108.78145pt.
 [64 <./figures/f11_3.png>]
pdfTeX warning (ext4): destination with the same identifier (name{figure.6}) has been already used, duplicate ignored
<to be read again> 
                   \relax 
l.97 ...f molecular weight on material properties}
                                                  
<./figures/f11_6.png, id=1569, 794.97pt x 215.80624pt>
File: ./figures/f11_6.png Graphic file (type png)
<use ./figures/f11_6.png>
Package pdftex.def Info: ./figures/f11_6.png  used on input line 98.
(pdftex.def)             Requested size: 352.31624pt x 95.64325pt.
 [65 <./figures/f11_4.png> <./figures/f11_5.png> <./figures/f11_6.png>]
pdfTeX warning (ext4): destination with the same identifier (name{figure.7}) has been already used, duplicate ignored
<to be read again> 
                   \relax 
l.126   \caption{Miscible and immiscible polymers}
                                                  
<./figures/f11_7.png, id=1578, 580.1675pt x 401.5pt>
File: ./figures/f11_7.png Graphic file (type png)
<use ./figures/f11_7.png>
Package pdftex.def Info: ./figures/f11_7.png  used on input line 127.
(pdftex.def)             Requested size: 234.87749pt x 162.54533pt.
 [66]
pdfTeX warning (ext4): destination with the same identifier (name{figure.1}) has been already used, duplicate ignored
<to be read again> 
                   \relax 
l.142   \caption{Shear thinning of polymers}
                                            
<./figures/f11_8.png, id=1585, 803.0pt x 303.1325pt>
File: ./figures/f11_8.png Graphic file (type png)
<use ./figures/f11_8.png>
Package pdftex.def Info: ./figures/f11_8.png  used on input line 143.
(pdftex.def)             Requested size: 352.31624pt x 133.00404pt.
) (./lec_12.tex [67 <./figures/f11_7.png> <./figures/f11_8.png>]
pdfTeX warning (ext4): destination with the same identifier (name{figure.1}) has been already used, duplicate ignored
<to be read again> 
                   \relax 
l.29   \caption{The architecture of a composite}
                                                
<./figures/f12_1.png, id=1596, 268.00125pt x 137.51375pt>
File: ./figures/f12_1.png Graphic file (type png)
<use ./figures/f12_1.png>
Package pdftex.def Info: ./figures/f12_1.png  used on input line 30.
(pdftex.def)             Requested size: 117.43874pt x 60.25864pt.
 [68 <./figures/f12_1.png>]
pdfTeX warning (ext4): destination with the same identifier (name{figure.2}) has been already used, duplicate ignored
<to be read again> 
                   \relax 
l.43 ...this lecture encased in a blue rectangle.}
                                                  
pdfTeX warning (ext4): destination with the same identifier (name{figure.2}) has been already used, duplicate ignored
<to be read again> 
                   \relax 
l.43 ...this lecture encased in a blue rectangle.}
                                                  
<./figures/f12_2.png, id=1603, 639.38875pt x 247.92625pt>
File: ./figures/f12_2.png Graphic file (type png)
<use ./figures/f12_2.png>
Package pdftex.def Info: ./figures/f12_2.png  used on input line 44.
(pdftex.def)             Requested size: 352.31624pt x 136.61331pt.

pdfTeX warning (ext4): destination with the same identifier (name{figure.3}) has been already used, duplicate ignored
<to be read again> 
                   \relax 
l.54 ...xamples of particle reinforced composites}
                                                  
<./figures/f12_3.png, id=1606, 576.1525pt x 333.245pt>
File: ./figures/f12_3.png Graphic file (type png)
<use ./figures/f12_3.png>
Package pdftex.def Info: ./figures/f12_3.png  used on input line 55.
(pdftex.def)             Requested size: 281.85585pt x 163.02705pt.
 [69 <./figures/f12_2.png> <./figures/f12_3.png>]
pdfTeX warning (ext4): destination with the same identifier (name{figure.4}) has been already used, duplicate ignored
<to be read again> 
                   \relax 
l.79 ... predicted elastic modulus of a composite}
                                                  
<./figures/f12_4.png, id=1613, 380.42125pt x 190.7125pt>
File: ./figures/f12_4.png Graphic file (type png)
<use ./figures/f12_4.png>
Package pdftex.def Info: ./figures/f12_4.png  used on input line 80.
(pdftex.def)             Requested size: 234.87749pt x 117.75163pt.
 [70 <./figures/f12_4.png>]
pdfTeX warning (ext4): destination with the same identifier (name{figure.5}) has been already used, duplicate ignored
<to be read again> 
                   \relax 
l.97   \caption{Three types of fiber alignment}
                                               
<./figures/f12_5.png, id=1622, 575.14874pt x 415.5525pt>
File: ./figures/f12_5.png Graphic file (type png)
<use ./figures/f12_5.png>
Package pdftex.def Info: ./figures/f12_5.png  used on input line 98.
(pdftex.def)             Requested size: 234.87749pt x 169.69916pt.
 [71 <./figures/f12_5.png>]) (./lec_13.tex [72]
pdfTeX warning (ext4): destination with the same identifier (name{figure.6}) has been already used, duplicate ignored
<to be read again> 
                   \relax 
l.20 ...llustration of a Sandwich Panel composite}
                                                  
<./figures/f13_1.png, id=1633, 227.85126pt x 131.49126pt>
File: ./figures/f13_1.png Graphic file (type png)
<use ./figures/f13_1.png>
Package pdftex.def Info: ./figures/f13_1.png  used on input line 21.
(pdftex.def)             Requested size: 352.31624pt x 203.32376pt.
 [73]
pdfTeX warning (ext4): destination with the same identifier (name{figure.7}) has been already used, duplicate ignored
<to be read again> 
                   \relax 
l.52 ...{Coefficients for different loading modes}
                                                  
<./figures/f13_2.png, id=1643, 395.4775pt x 188.705pt>
File: ./figures/f13_2.png Graphic file (type png)
<use ./figures/f13_2.png>
Package pdftex.def Info: ./figures/f13_2.png  used on input line 53.
(pdftex.def)             Requested size: 234.87749pt x 112.07498pt.
 [74 <./figures/f13_1.png>]) (./lec_15.tex
<./figures/f14_1.png, id=1651, 431.6125pt x 300.12125pt>
File: ./figures/f14_1.png Graphic file (type png)
<use ./figures/f14_1.png>
Package pdftex.def Info: ./figures/f14_1.png  used on input line 12.
(pdftex.def)             Requested size: 234.87749pt x 163.32242pt.

pdfTeX warning (ext4): destination with the same identifier (name{figure.1}) has been already used, duplicate ignored
<to be read again> 
                   \relax 
l.13 ...aption{Solubility limit of sugar in water}
                                                   [75 <./figures/f13_2.png>] [76 <./figures/f14_1.png>]
<./figures/f14_2.png, id=1665, 430.60875pt x 243.91125pt>
File: ./figures/f14_2.png Graphic file (type png)
<use ./figures/f14_2.png>
Package pdftex.def Info: ./figures/f14_2.png  used on input line 46.
(pdftex.def)             Requested size: 234.87749pt x 133.04622pt.

pdfTeX warning (ext4): destination with the same identifier (name{figure.2}) has been already used, duplicate ignored
<to be read again> 
                   \relax 
l.47   \caption{Phase diagram for pure water}
                                              [77]
<./figures/f14_3.png, id=1671, 419.5675pt x 750.805pt>
File: ./figures/f14_3.png Graphic file (type png)
<use ./figures/f14_3.png>
Package pdftex.def Info: ./figures/f14_3.png  used on input line 63.
(pdftex.def)             Requested size: 117.43874pt x 210.15523pt.

pdfTeX warning (ext4): destination with the same identifier (name{figure.3}) has been already used, duplicate ignored
<to be read again> 
                   \relax 
l.64   \caption{Copper-nickel phase diagram}
                                             [78 <./figures/f14_2.png> <./figures/f14_3.png>] [79] [80] [81]
<./figures/f14_4.png, id=1704, 580.1675pt x 444.66125pt>
File: ./figures/f14_4.png Graphic file (type png)
<use ./figures/f14_4.png>
Package pdftex.def Info: ./figures/f14_4.png  used on input line 147.
(pdftex.def)             Requested size: 234.87749pt x 180.01897pt.

pdfTeX warning (ext4): destination with the same identifier (name{figure.4}) has been already used, duplicate ignored
<to be read again> 
                   \relax 
l.148   \caption{Copper-silver phase diagram}
                                              [82 <./figures/f14_4.png>]) (./lec_16_17.tex
<./figures/f16_1.png, id=1713, 366.36874pt x 499.8675pt>
File: ./figures/f16_1.png Graphic file (type png)
<use ./figures/f16_1.png>
Package pdftex.def Info: ./figures/f16_1.png  used on input line 11.
(pdftex.def)             Requested size: 164.4171pt x 224.3281pt.

pdfTeX warning (ext4): destination with the same identifier (name{figure.5}) has been already used, duplicate ignored
<to be read again> 
                   \relax 
l.12   \caption{Phase diagram for lead-tin}
                                            [83 <./figures/f16_1.png>]
<./figures/f16_2.png, id=1722, 444.66125pt x 649.42625pt>
File: ./figures/f16_2.png Graphic file (type png)
<use ./figures/f16_2.png>
Package pdftex.def Info: ./figures/f16_2.png  used on input line 19.
(pdftex.def)             Requested size: 164.4171pt x 240.1254pt.

pdfTeX warning (ext4): destination with the same identifier (name{figure.6}) has been already used, duplicate ignored
<to be read again> 
                   \relax 
l.20 ...agram for lead-tin with a new composition}
                                                  
<./figures/f16_3.png, id=1724, 648.4225pt x 503.8825pt>
File: ./figures/f16_3.png Graphic file (type png)
<use ./figures/f16_3.png>
Package pdftex.def Info: ./figures/f16_3.png  used on input line 27.
(pdftex.def)             Requested size: 234.87749pt x 182.5201pt.

pdfTeX warning (ext4): destination with the same identifier (name{figure.7}) has been already used, duplicate ignored
<to be read again> 
                   \relax 
l.28 ...ead-tin with a new composition once again}
                                                  
<./figures/f16_4.png, id=1727, 363.3575pt x 357.335pt>
File: ./figures/f16_4.png Graphic file (type png)
<use ./figures/f16_4.png>
Package pdftex.def Info: ./figures/f16_4.png  used on input line 39.
(pdftex.def)             Requested size: 164.4171pt x 161.69347pt.

pdfTeX warning (ext4): destination with the same identifier (name{figure.8}) has been already used, duplicate ignored
<to be read again> 
                   \relax 
l.40 ...utectic structure for the lead-tin system}
                                                   [84 <./figures/f16_2.png>]
<./figures/f16_5.png, id=1734, 689.57625pt x 560.0925pt>
File: ./figures/f16_5.png Graphic file (type png)
<use ./figures/f16_5.png>
Package pdftex.def Info: ./figures/f16_5.png  used on input line 47.
(pdftex.def)             Requested size: 211.3883pt x 171.6954pt.

pdfTeX warning (ext4): destination with the same identifier (name{figure.9}) has been already used, duplicate ignored
<to be read again> 
                   \relax 
l.48 ...ead-tin system at yet another composition}
                                                   [85 <./figures/f16_3.png> <./figures/f16_4.png>]
<./figures/f16_6.png, id=1745, 455.7025pt x 369.38pt>
File: ./figures/f16_6.png Graphic file (type png)
<use ./figures/f16_6.png>
Package pdftex.def Info: ./figures/f16_6.png  used on input line 57.
(pdftex.def)             Requested size: 234.87749pt x 190.38782pt.

pdfTeX warning (ext4): destination with the same identifier (name{figure.10}) has been already used, duplicate ignored
<to be read again> 
                   \relax 
l.58 ...tion{The lead-tin phase diaggram in whole}
                                                   [86 <./figures/f16_5.png> <./figures/f16_6.png>]
<./figures/f16_7.png, id=1756, 433.62pt x 623.32875pt>
File: ./figures/f16_7.png Graphic file (type png)
<use ./figures/f16_7.png>
Package pdftex.def Info: ./figures/f16_7.png  used on input line 88.
(pdftex.def)             Requested size: 164.4171pt x 236.35378pt.
 [87]
<./figures/f16_8.png, id=1763, 693.59125pt x 530.98375pt>
File: ./figures/f16_8.png Graphic file (type png)
<use ./figures/f16_8.png>
Package pdftex.def Info: ./figures/f16_8.png  used on input line 99.
(pdftex.def)             Requested size: 164.4171pt x 125.86688pt.
 [88 <./figures/f16_7.png> <./figures/f16_8.png>]
<./figures/f16_9.png, id=1776, 581.17125pt x 362.35374pt>
File: ./figures/f16_9.png Graphic file (type png)
<use ./figures/f16_9.png>
Package pdftex.def Info: ./figures/f16_9.png  used on input line 116.
(pdftex.def)             Requested size: 234.87749pt x 146.44283pt.
<./figures/f16_10.png, id=1779, 391.4625pt x 427.5975pt>
File: ./figures/f16_10.png Graphic file (type png)
<use ./figures/f16_10.png>
Package pdftex.def Info: ./figures/f16_10.png  used on input line 133.
(pdftex.def)             Requested size: 234.87749pt x 256.56047pt.
 [89 <./figures/f16_9.png>] [90 <./figures/f16_10.png>]
<./figures/f16_11.png, id=1796, 485.815pt x 369.38pt>
File: ./figures/f16_11.png Graphic file (type png)
<use ./figures/f16_11.png>
Package pdftex.def Info: ./figures/f16_11.png  used on input line 183.
(pdftex.def)             Requested size: 234.87749pt x 178.57982pt.
 [91 <./figures/f16_11.png>]
<./figures/f16_12.png, id=1808, 447.6725pt x 578.16pt>
File: ./figures/f16_12.png Graphic file (type png)
<use ./figures/f16_12.png>
Package pdftex.def Info: ./figures/f16_12.png  used on input line 216.
(pdftex.def)             Requested size: 164.4171pt x 212.34554pt.
) (./lec_18.tex [92] [93 <./figures/f16_12.png>] [94] [95]
<./figures/e19_1.png, id=1832, 386.44376pt x 233.87375pt>
File: ./figures/e19_1.png Graphic file (type png)
<use ./figures/e19_1.png>
Package pdftex.def Info: ./figures/e19_1.png  used on input line 95.
(pdftex.def)             Requested size: 234.87749pt x 142.14531pt.
<./figures/e19_2.png, id=1834, 389.455pt x 299.1175pt>
File: ./figures/e19_2.png Graphic file (type png)
<use ./figures/e19_2.png>
Package pdftex.def Info: ./figures/e19_2.png  used on input line 103.
(pdftex.def)             Requested size: 234.87749pt x 180.39383pt.
) (./lec_19.tex [96 <./figures/e19_1.png>] [97 <./figures/e19_2.png>] [98] [99]
<./figures/e19_5.png, id=1868, 352.31625pt x 272.01625pt>
File: ./figures/e19_5.png Graphic file (type png)
<use ./figures/e19_5.png>
Package pdftex.def Info: ./figures/e19_5.png  used on input line 75.
(pdftex.def)             Requested size: 234.87749pt x 181.3451pt.

pdfTeX warning (ext4): destination with the same identifier (name{figure.1}) has been already used, duplicate ignored
<to be read again> 
                   \relax 
l.76 ...ich side of aluminum-copper phase diagram}
                                                  ) (./lec_20.tex [100 <./figures/e19_5.png>]
<./figures/f20_1.png, id=1875, 253.94875pt x 324.21124pt>
File: ./figures/f20_1.png Graphic file (type png)
<use ./figures/f20_1.png>
Package pdftex.def Info: ./figures/f20_1.png  used on input line 36.
(pdftex.def)             Requested size: 234.87749pt x 299.87585pt.

pdfTeX warning (ext4): destination with the same identifier (name{figure.1}) has been already used, duplicate ignored
<to be read again> 
                   \relax 
l.37 ...consisting of iron and copper electrodes.}
                                                   [101] [102 <./figures/f20_1.png>]
<./figures/f20_2.png, id=1890, 530.98375pt x 470.75874pt>
File: ./figures/f20_2.png Graphic file (type png)
<use ./figures/f20_2.png>
Package pdftex.def Info: ./figures/f20_2.png  used on input line 59.
(pdftex.def)             Requested size: 234.87749pt x 208.24069pt.

pdfTeX warning (ext4): destination with the same identifier (name{figure.2}) has been already used, duplicate ignored
<to be read again> 
                   \relax 
l.60   \caption{EMF series}
                            [103 <./figures/f20_2.png>]
<./figures/f20_3.png, id=1901, 542.025pt x 611.28375pt>
File: ./figures/f20_3.png Graphic file (type png)
<use ./figures/f20_3.png>
Package pdftex.def Info: ./figures/f20_3.png  used on input line 85.
(pdftex.def)             Requested size: 234.87749pt x 264.88959pt.

pdfTeX warning (ext4): destination with the same identifier (name{figure.3}) has been already used, duplicate ignored
<to be read again> 
                   \relax 
l.86   \caption{Galvanic series}
                                 [104 <./figures/f20_3.png>]
<./figures/f20_4.png, id=1907, 335.2525pt x 282.05376pt>
File: ./figures/f20_4.png Graphic file (type png)
<use ./figures/f20_4.png>
Package pdftex.def Info: ./figures/f20_4.png  used on input line 111.
(pdftex.def)             Requested size: 234.87749pt x 197.60411pt.

pdfTeX warning (ext4): destination with the same identifier (name{figure.4}) has been already used, duplicate ignored
<to be read again> 
                   \relax 
l.112 ...d hydrogen that has been short-circuited}
                                                   [105 <./figures/f20_4.png>] [106] [107]
<./figures/f20_5.png, id=1929, 503.8825pt x 334.24875pt>
File: ./figures/f20_5.png Graphic file (type png)
<use ./figures/f20_5.png>
Package pdftex.def Info: ./figures/f20_5.png  used on input line 178.
(pdftex.def)             Requested size: 234.87749pt x 155.80656pt.

pdfTeX warning (ext4): destination with the same identifier (name{figure.5}) has been already used, duplicate ignored
<to be read again> 
                   \relax 
l.179 ...ce corrosion between two riveted sheets.}
                                                   [108 <./figures/f20_5.png>] [109] [110] [111] [112]) [113] 
enddocument/afterlastpage: lastpage setting LastPage.
(./master.aux)
 ***********
LaTeX2e <2023-11-01> patch level 1
L3 programming layer <2024-02-20>
 ***********


LaTeX Warning: Label(s) may have changed. Rerun to get cross-references right.

Package rerunfilecheck Info: File `master.out' has not changed.
(rerunfilecheck)             Checksum: 737F02D22101B37874C2CB3AB8639D1A;34585.
 ) 
Here is how much of TeX's memory you used:
 44194 strings out of 474116
 1062839 string characters out of 5743682
 1949187 words of memory out of 5000000
 65420 multiletter control sequences out of 15000+600000
 567512 words of font info for 72 fonts, out of 8000000 for 9000
 1141 hyphenation exceptions out of 8191
 104i,12n,110p,1580b,1306s stack positions out of 10000i,1000n,20000p,200000b,200000s
</usr/local/texlive/2024/texmf-dist/fonts/type1/public/amsfonts/cm/cmbx10.pfb></usr/local/texlive/2024/texmf-dist/fonts/type1/public/amsfonts/cm/cmbx12.pfb></usr/local/texlive/2024/texmf-dist/fonts/type1/public/amsfonts/cm/cmex10.pfb></usr/local/texlive/2024/texmf-dist/fonts/type1/public/amsfonts/cmextra/cmex7.pfb></usr/local/texlive/2024/texmf-dist/fonts/type1/public/amsfonts/cm/cmmi10.pfb></usr/local/texlive/2024/texmf-dist/fonts/type1/public/amsfonts/cm/cmmi5.pfb></usr/local/texlive/2024/texmf-dist/fonts/type1/public/amsfonts/cm/cmmi7.pfb></usr/local/texlive/2024/texmf-dist/fonts/type1/public/amsfonts/cm/cmr10.pfb></usr/local/texlive/2024/texmf-dist/fonts/type1/public/amsfonts/cm/cmr12.pfb></usr/local/texlive/2024/texmf-dist/fonts/type1/public/amsfonts/cm/cmr17.pfb></usr/local/texlive/2024/texmf-dist/fonts/type1/public/amsfonts/cm/cmr5.pfb></usr/local/texlive/2024/texmf-dist/fonts/type1/public/amsfonts/cm/cmr7.pfb></usr/local/texlive/2024/texmf-dist/fonts/type1/public/amsfonts/cm/cmss9.pfb></usr/local/texlive/2024/texmf-dist/fonts/type1/public/amsfonts/cm/cmssbx10.pfb></usr/local/texlive/2024/texmf-dist/fonts/type1/public/amsfonts/cm/cmsy10.pfb></usr/local/texlive/2024/texmf-dist/fonts/type1/public/amsfonts/cm/cmsy5.pfb></usr/local/texlive/2024/texmf-dist/fonts/type1/public/amsfonts/cm/cmsy7.pfb></usr/local/texlive/2024/texmf-dist/fonts/type1/public/amsfonts/cm/cmti10.pfb></usr/local/texlive/2024/texmf-dist/fonts/type1/public/amsfonts/symbols/msam10.pfb></usr/local/texlive/2024/texmf-dist/fonts/type1/public/cm-super/sfrm1000.pfb>
Output written on master.pdf (113 pages, 15553800 bytes).
PDF statistics:
 2141 PDF objects out of 2487 (max. 8388607)
 1766 compressed objects within 18 object streams
 435 named destinations out of 1000 (max. 500000)
 2062 words of extra memory for PDF output out of 10000 (max. 10000000)

