\BOOKMARK [1][-]{section.1}{\376\377\000F\000o\000r\000e\000w\000o\000r\000d}{}% 1
\BOOKMARK [1][-]{section.2}{\376\377\000I\000n\000t\000r\000o\000d\000u\000c\000t\000i\000o\000n\000\040\000t\000o\000\040\000M\000a\000t\000e\000r\000i\000a\000l\000s\000\040\000S\000c\000i\000e\000n\000c\000e}{}% 2
\BOOKMARK [2][-]{subsection.2.1}{\376\377\000H\000i\000s\000t\000o\000r\000i\000c\000a\000l\000\040\000p\000e\000r\000s\000p\000e\000c\000t\000i\000v\000e}{section.2}% 3
\BOOKMARK [2][-]{subsection.2.2}{\376\377\000M\000a\000t\000e\000r\000i\000a\000l\000s\000\040\000S\000c\000i\000e\000n\000c\000e\000\040\000a\000n\000d\000\040\000e\000n\000g\000i\000n\000e\000e\000r\000i\000n\000g}{section.2}% 4
\BOOKMARK [2][-]{subsection.2.3}{\376\377\000C\000l\000a\000s\000s\000i\000f\000i\000c\000a\000t\000i\000o\000n\000\040\000a\000n\000d\000\040\000p\000r\000o\000p\000e\000r\000t\000i\000e\000s\000\040\000o\000f\000\040\000m\000a\000t\000e\000r\000i\000a\000l\000s}{section.2}% 5
\BOOKMARK [2][-]{subsection.2.4}{\376\377\000M\000a\000t\000e\000r\000i\000a\000l\000s\000\040\000s\000e\000l\000e\000c\000t\000i\000o\000n\000\040\000a\000n\000d\000\040\000A\000s\000h\000b\000y\000\040\000d\000i\000a\000g\000r\000a\000m\000s}{section.2}% 6
\BOOKMARK [3][-]{subsubsection.2.4.1}{\376\377\000A\000s\000h\000b\000y\000\040\000D\000i\000a\000g\000r\000a\000m\000s}{subsection.2.4}% 7
\BOOKMARK [3][-]{subsubsection.2.4.2}{\376\377\000M\000a\000t\000e\000r\000i\000a\000l\000s\000\040\000s\000e\000l\000e\000c\000t\000i\000o\000n}{subsection.2.4}% 8
\BOOKMARK [1][-]{section.3}{\376\377\000I\000n\000t\000r\000o\000d\000u\000c\000t\000i\000o\000n\000\040\000t\000o\000\040\000a\000t\000o\000m\000i\000c\000\040\000s\000t\000r\000u\000c\000t\000u\000r\000e}{}% 9
\BOOKMARK [2][-]{subsection.3.1}{\376\377\000E\000l\000e\000c\000t\000r\000o\000n\000\040\000s\000t\000r\000u\000c\000t\000u\000r\000e}{section.3}% 10
\BOOKMARK [2][-]{subsection.3.2}{\376\377\000T\000r\000e\000n\000d\000s\000\040\000i\000n\000\040\000t\000h\000e\000\040\000p\000e\000r\000i\000o\000d\000i\000c\000\040\000t\000a\000b\000l\000e}{section.3}% 11
\BOOKMARK [1][-]{section.4}{\376\377\000B\000o\000n\000d\000i\000n\000g}{}% 12
\BOOKMARK [2][-]{subsection.4.1}{\376\377\000I\000o\000n\000i\000c\000\040\000b\000o\000n\000d\000i\000n\000g}{section.4}% 13
\BOOKMARK [2][-]{subsection.4.2}{\376\377\000C\000o\000v\000a\000l\000e\000n\000t\000\040\000b\000o\000n\000d\000i\000n\000g}{section.4}% 14
\BOOKMARK [2][-]{subsection.4.3}{\376\377\000M\000e\000t\000a\000l\000l\000i\000c\000\040\000b\000o\000n\000d\000i\000n\000g}{section.4}% 15
\BOOKMARK [2][-]{subsection.4.4}{\376\377\000S\000e\000c\000o\000n\000d\000a\000r\000y\000\040\000b\000o\000n\000d\000i\000n\000g}{section.4}% 16
\BOOKMARK [2][-]{subsection.4.5}{\376\377\000T\000h\000e\000\040\000r\000e\000l\000a\000t\000i\000o\000n\000s\000h\000i\000p\000\040\000b\000e\000t\000w\000e\000e\000n\000\040\000b\000o\000n\000d\000i\000n\000g\000\040\000t\000y\000p\000e\000,\000\040\000m\000e\000l\000t\000i\000n\000g\000\040\000t\000e\000m\000p\000e\000r\000a\000t\000u\000r\000e\000\040\000a\000n\000d\000\040\000t\000h\000e\000r\000m\000a\000l\000\040\000e\000x\000p\000a\000n\000s\000i\000o\000n}{section.4}% 17
\BOOKMARK [1][-]{section.5}{\376\377\000C\000r\000y\000s\000t\000a\000l\000l\000i\000n\000e\000\040\000s\000o\000l\000i\000d\000s}{}% 18
\BOOKMARK [2][-]{subsection.5.1}{\376\377\000A\000t\000o\000m\000i\000c\000\040\000a\000r\000r\000a\000n\000g\000e\000m\000e\000n\000t\000s\000\040\000a\000n\000d\000\040\000p\000a\000c\000k\000i\000n\000g}{section.5}% 19
\BOOKMARK [2][-]{subsection.5.2}{\376\377\000U\000n\000i\000t\000\040\000c\000e\000l\000l}{section.5}% 20
\BOOKMARK [2][-]{subsection.5.3}{\376\377\000C\000r\000y\000s\000t\000a\000l\000\040\000s\000t\000r\000u\000c\000t\000u\000r\000e\000s\000\040\000f\000o\000r\000\040\000m\000e\000t\000a\000l\000s}{section.5}% 21
\BOOKMARK [2][-]{subsection.5.4}{\376\377\000A\000t\000o\000m\000i\000c\000\040\000p\000a\000c\000k\000i\000n\000g\000\040\000f\000a\000c\000t\000o\000r}{section.5}% 22
\BOOKMARK [2][-]{subsection.5.5}{\376\377\000T\000h\000e\000o\000r\000e\000t\000i\000c\000a\000l\000\040\000d\000e\000n\000s\000i\000t\000y\000\040\000o\000f\000\040\000a\000\040\000m\000a\000t\000e\000r\000i\000a\000l}{section.5}% 23
\BOOKMARK [2][-]{subsection.5.6}{\376\377\000C\000r\000y\000s\000t\000a\000l\000\040\000s\000y\000s\000t\000e\000m\000s}{section.5}% 24
\BOOKMARK [2][-]{subsection.5.7}{\376\377\000P\000o\000i\000n\000t\000\040\000c\000o\000o\000r\000d\000i\000n\000a\000t\000e\000s}{section.5}% 25
\BOOKMARK [2][-]{subsection.5.8}{\376\377\000C\000r\000y\000s\000t\000a\000l\000l\000o\000g\000r\000a\000p\000h\000i\000c\000\040\000d\000i\000r\000e\000c\000i\000o\000n\000s}{section.5}% 26
\BOOKMARK [2][-]{subsection.5.9}{\376\377\000C\000r\000y\000s\000t\000a\000l\000l\000o\000g\000r\000a\000p\000h\000i\000c\000\040\000p\000l\000a\000n\000e\000s}{section.5}% 27
\BOOKMARK [1][-]{section.6}{\376\377\000S\000o\000l\000i\000d\000i\000f\000i\000c\000a\000t\000i\000o\000n}{}% 28
\BOOKMARK [1][-]{section.7}{\376\377\000I\000m\000p\000e\000r\000f\000e\000c\000t\000i\000o\000n\000s}{}% 29
\BOOKMARK [2][-]{subsection.7.1}{\376\377\000T\000y\000p\000e\000s\000\040\000o\000f\000\040\000i\000m\000p\000e\000r\000f\000e\000c\000t\000i\000o\000n\000s}{section.7}% 30
\BOOKMARK [2][-]{subsection.7.2}{\376\377\000P\000o\000i\000n\000t\000\040\000d\000e\000f\000e\000c\000t\000s}{section.7}% 31
\BOOKMARK [3][-]{subsubsection.7.2.1}{\376\377\000V\000a\000c\000a\000n\000c\000i\000e\000s}{subsection.7.2}% 32
\BOOKMARK [3][-]{subsubsection.7.2.2}{\376\377\000I\000n\000t\000e\000r\000s\000t\000i\000t\000i\000a\000l\000s}{subsection.7.2}% 33
\BOOKMARK [3][-]{subsubsection.7.2.3}{\376\377\000S\000u\000b\000s\000t\000i\000t\000u\000t\000i\000o\000n\000a\000l\000\040\000I\000m\000p\000u\000r\000i\000t\000y\000\040\000A\000t\000o\000m\000s}{subsection.7.2}% 34
\BOOKMARK [3][-]{subsubsection.7.2.4}{\376\377\000I\000m\000p\000u\000r\000i\000t\000i\000e\000s\000\040\000i\000n\000\040\000m\000e\000t\000a\000l\000s}{subsection.7.2}% 35
\BOOKMARK [2][-]{subsection.7.3}{\376\377\000L\000i\000n\000e\000a\000r\000\040\000d\000e\000f\000e\000c\000t\000s}{section.7}% 36
\BOOKMARK [3][-]{subsubsection.7.3.1}{\376\377\000B\000u\000r\000g\000e\000r\000'\000s\000\040\000v\000e\000c\000t\000o\000r}{subsection.7.3}% 37
\BOOKMARK [3][-]{subsubsection.7.3.2}{\376\377\000E\000d\000g\000e\000\040\000D\000i\000s\000l\000o\000c\000a\000t\000i\000o\000n\000s}{subsection.7.3}% 38
\BOOKMARK [3][-]{subsubsection.7.3.3}{\376\377\000S\000c\000r\000e\000w\000\040\000D\000i\000s\000l\000o\000c\000a\000t\000i\000o\000n\000s}{subsection.7.3}% 39
\BOOKMARK [3][-]{subsubsection.7.3.4}{\376\377\000M\000i\000x\000e\000d\000\040\000D\000i\000s\000l\000o\000c\000a\000t\000i\000o\000n\000s}{subsection.7.3}% 40
\BOOKMARK [3][-]{subsubsection.7.3.5}{\376\377\000P\000l\000a\000s\000t\000i\000c\000\040\000d\000e\000f\000o\000r\000m\000a\000t\000i\000o\000n\000\040\000a\000n\000d\000\040\000d\000i\000s\000l\000o\000c\000a\000t\000i\000o\000n\000s}{subsection.7.3}% 41
\BOOKMARK [2][-]{subsection.7.4}{\376\377\000P\000l\000a\000n\000a\000r\000\040\000d\000e\000f\000e\000c\000t\000s}{section.7}% 42
\BOOKMARK [3][-]{subsubsection.7.4.1}{\376\377\000T\000w\000i\000n\000\040\000B\000o\000u\000n\000d\000a\000r\000i\000e\000s}{subsection.7.4}% 43
\BOOKMARK [3][-]{subsubsection.7.4.2}{\376\377\000G\000r\000a\000i\000n\000\040\000B\000o\000u\000n\000d\000a\000r\000i\000e\000s}{subsection.7.4}% 44
\BOOKMARK [3][-]{subsubsection.7.4.3}{\376\377\000S\000t\000a\000c\000k\000i\000n\000g\000\040\000F\000a\000u\000l\000t\000s}{subsection.7.4}% 45
\BOOKMARK [1][-]{section.8}{\376\377\000D\000i\000f\000f\000u\000s\000i\000o\000n}{}% 46
\BOOKMARK [2][-]{subsection.8.1}{\376\377\000M\000e\000c\000h\000a\000n\000i\000s\000m\000s\000\040\000o\000f\000\040\000d\000i\000f\000f\000u\000s\000i\000o\000n}{section.8}% 47
\BOOKMARK [3][-]{subsubsection.8.1.1}{\376\377\000V\000a\000c\000a\000n\000c\000y\000\040\000d\000i\000f\000f\000u\000s\000i\000o\000n}{subsection.8.1}% 48
\BOOKMARK [3][-]{subsubsection.8.1.2}{\376\377\000I\000n\000t\000e\000r\000s\000t\000i\000t\000i\000a\000l\000\040\000d\000i\000f\000f\000u\000s\000i\000o\000n}{subsection.8.1}% 49
\BOOKMARK [2][-]{subsection.8.2}{\376\377\000D\000i\000f\000f\000u\000s\000i\000o\000n\000\040\000r\000a\000t\000e}{section.8}% 50
\BOOKMARK [2][-]{subsection.8.3}{\376\377\000S\000t\000e\000a\000d\000y\000-\000s\000t\000a\000t\000e\000\040\000d\000i\000f\000f\000u\000s\000i\000o\000n\000\040\000a\000n\000d\000\040\000F\000i\000c\000k\000'\000s\000\040\0001\000s\000t\000\040\000l\000a\000w}{section.8}% 51
\BOOKMARK [2][-]{subsection.8.4}{\376\377\000E\000f\000f\000e\000c\000t\000\040\000o\000f\000\040\000t\000e\000m\000p\000e\000r\000a\000t\000u\000r\000e}{section.8}% 52
\BOOKMARK [2][-]{subsection.8.5}{\376\377\000N\000o\000n\000-\000s\000t\000e\000a\000d\000y\000-\000s\000t\000a\000t\000e\000\040\000d\000i\000f\000f\000u\000s\000i\000o\000n\000\040\000a\000n\000d\000\040\000F\000i\000c\000k\000'\000s\000\040\0002\000n\000d\000\040\000l\000a\000w}{section.8}% 53
\BOOKMARK [1][-]{section.9}{\376\377\000E\000l\000a\000s\000t\000i\000c\000i\000t\000y}{}% 54
\BOOKMARK [2][-]{subsection.9.1}{\376\377\000F\000o\000r\000c\000e\000-\000d\000i\000s\000p\000l\000a\000c\000e\000m\000e\000n\000t\000\040\000r\000e\000l\000a\000t\000i\000o\000n}{section.9}% 55
\BOOKMARK [2][-]{subsection.9.2}{\376\377\000S\000t\000r\000a\000i\000n}{section.9}% 56
\BOOKMARK [2][-]{subsection.9.3}{\376\377\000S\000t\000r\000e\000s\000s}{section.9}% 57
\BOOKMARK [2][-]{subsection.9.4}{\376\377\000S\000t\000r\000e\000s\000s\000-\000s\000t\000r\000a\000i\000n\000\040\000r\000e\000l\000a\000t\000i\000o\000n\000s}{section.9}% 58
\BOOKMARK [2][-]{subsection.9.5}{\376\377\000E\000l\000a\000t\000i\000c\000\040\000d\000e\000f\000o\000r\000m\000a\000t\000i\000o\000n}{section.9}% 59
\BOOKMARK [3][-]{subsubsection.9.5.1}{\376\377\000E\000l\000a\000s\000t\000i\000c\000\040\000m\000o\000d\000u\000l\000u\000s\000\040\000a\000n\000d\000\040\000i\000n\000t\000e\000r\000a\000t\000o\000m\000i\000c\000\040\000b\000o\000n\000d\000i\000n\000g\000\040\000f\000o\000r\000c\000e\000s}{subsection.9.5}% 60
\BOOKMARK [2][-]{subsection.9.6}{\376\377\000S\000h\000e\000a\000r\000\040\000s\000t\000r\000e\000s\000s}{section.9}% 61
\BOOKMARK [3][-]{subsubsection.9.6.1}{\376\377\000S\000t\000r\000e\000s\000s\000e\000s\000\040\000o\000n\000\040\000d\000i\000f\000f\000e\000r\000e\000n\000t\000\040\000p\000l\000a\000n\000e\000s}{subsection.9.6}% 62
\BOOKMARK [2][-]{subsection.9.7}{\376\377\000B\000u\000l\000k\000\040\000m\000o\000d\000u\000l\000u\000s}{section.9}% 63
\BOOKMARK [2][-]{subsection.9.8}{\376\377\000P\000o\000i\000s\000s\000o\000n\000'\000s\000\040\000r\000a\000t\000i\000o}{section.9}% 64
\BOOKMARK [3][-]{subsubsection.9.8.1}{\376\377\000T\000h\000e\000\040\000r\000e\000l\000a\000t\000i\000o\000n\000s\000h\000i\000p\000\040\000b\000e\000t\000w\000e\000e\000n\000\040\000P\000o\000i\000s\000s\000o\000n\000'\000s\000\040\000r\000a\000t\000i\000o\000\040\000a\000n\000d\000\040\000m\000o\000d\000u\000l\000i}{subsection.9.8}% 65
\BOOKMARK [1][-]{section.10}{\376\377\000P\000l\000a\000s\000t\000i\000c\000i\000t\000y}{}% 66
\BOOKMARK [2][-]{subsection.10.1}{\376\377\000S\000t\000r\000e\000s\000s\000-\000s\000t\000r\000a\000i\000n\000\040\000c\000u\000r\000v\000e\000s}{section.10}% 67
\BOOKMARK [2][-]{subsection.10.2}{\376\377\000E\000l\000a\000s\000t\000i\000c\000\040\000s\000t\000r\000a\000i\000n\000\040\000r\000e\000c\000o\000v\000e\000r\000y\000\040\000a\000n\000d\000\040\000d\000u\000c\000t\000i\000l\000i\000t\000y}{section.10}% 68
\BOOKMARK [2][-]{subsection.10.3}{\376\377\000R\000e\000s\000i\000l\000i\000e\000n\000c\000e}{section.10}% 69
\BOOKMARK [2][-]{subsection.10.4}{\376\377\000T\000o\000u\000g\000h\000n\000e\000s\000s}{section.10}% 70
\BOOKMARK [2][-]{subsection.10.5}{\376\377\000H\000a\000r\000d\000n\000e\000s\000s}{section.10}% 71
\BOOKMARK [3][-]{subsubsection.10.5.1}{\376\377\000H\000a\000r\000d\000n\000e\000s\000s\000\040\000m\000e\000a\000s\000u\000r\000e\000m\000e\000n\000t\000s}{subsection.10.5}% 72
\BOOKMARK [2][-]{subsection.10.6}{\376\377\000V\000a\000r\000i\000a\000b\000i\000l\000i\000t\000y\000\040\000i\000n\000\040\000m\000a\000t\000e\000r\000i\000a\000l\000s\000\040\000p\000r\000o\000p\000e\000r\000t\000i\000e\000s}{section.10}% 73
\BOOKMARK [3][-]{subsubsection.10.6.1}{\376\377\000S\000a\000f\000e\000t\000y\000\040\000f\000a\000c\000t\000o\000r}{subsection.10.6}% 74
\BOOKMARK [1][-]{section.11}{\376\377\000S\000l\000i\000p\000p\000i\000n\000g}{}% 75
\BOOKMARK [2][-]{subsection.11.1}{\376\377\000S\000l\000i\000p\000\040\000s\000y\000s\000t\000e\000m\000s}{section.11}% 76
\BOOKMARK [2][-]{subsection.11.2}{\376\377\000S\000l\000i\000p\000p\000i\000n\000g\000\040\000i\000n\000\040\000s\000i\000n\000g\000l\000e\000\040\000c\000r\000y\000s\000t\000a\000l\000s}{section.11}% 77
\BOOKMARK [2][-]{subsection.11.3}{\376\377\000S\000l\000i\000p\000p\000i\000n\000g\000\040\000i\000n\000\040\000p\000o\000l\000y\000c\000r\000y\000s\000t\000a\000l\000l\000i\000n\000e\000\040\000m\000a\000t\000e\000r\000i\000a\000l\000s}{section.11}% 78
\BOOKMARK [1][-]{section.12}{\376\377\000S\000t\000r\000e\000n\000g\000t\000h\000e\000n\000i\000n\000g\000\040\000m\000e\000c\000h\000a\000n\000i\000s\000m\000s\000\040\000i\000n\000\040\000m\000e\000t\000a\000l\000s}{}% 79
\BOOKMARK [2][-]{subsection.12.1}{\376\377\000G\000r\000a\000i\000n\000\040\000s\000i\000z\000e\000\040\000r\000e\000d\000u\000c\000t\000i\000o\000n}{section.12}% 80
\BOOKMARK [2][-]{subsection.12.2}{\376\377\000S\000o\000l\000i\000d\000-\000s\000o\000l\000u\000t\000i\000o\000n\000\040\000s\000t\000r\000e\000n\000g\000t\000h\000e\000n\000i\000n\000g}{section.12}% 81
\BOOKMARK [2][-]{subsection.12.3}{\376\377\000S\000t\000r\000a\000i\000n\000\040\000h\000a\000r\000d\000e\000n\000i\000n\000g\000\040\000\050\000C\000o\000l\000d\000\040\000w\000o\000r\000k\000i\000n\000g\000\051}{section.12}% 82
\BOOKMARK [1][-]{section.13}{\376\377\000F\000u\000n\000d\000a\000m\000e\000n\000t\000a\000l\000s\000\040\000o\000f\000\040\000F\000r\000a\000c\000t\000u\000r\000e}{}% 83
\BOOKMARK [1][-]{section.14}{\376\377\000F\000a\000i\000l\000u\000r\000e\000\040\000M\000e\000c\000h\000a\000n\000i\000c\000s}{}% 84
\BOOKMARK [2][-]{subsection.14.1}{\376\377\000S\000t\000r\000e\000s\000s\000\040\000c\000o\000n\000c\000e\000n\000t\000r\000a\000t\000i\000o\000n}{section.14}% 85
\BOOKMARK [2][-]{subsection.14.2}{\376\377\000C\000r\000a\000c\000k\000\040\000p\000r\000o\000p\000a\000g\000a\000t\000i\000o\000n}{section.14}% 86
\BOOKMARK [1][-]{section.15}{\376\377\000F\000r\000a\000c\000t\000u\000r\000e\000\040\000T\000o\000u\000g\000h\000n\000e\000s\000s}{}% 87
\BOOKMARK [2][-]{subsection.15.1}{\376\377\000F\000r\000a\000c\000t\000u\000r\000e\000\040\000m\000o\000d\000e\000s}{section.15}% 88
\BOOKMARK [1][-]{section.16}{\376\377\000D\000e\000s\000i\000g\000n\000\040\000I\000m\000p\000l\000i\000c\000a\000t\000i\000o\000n\000s}{}% 89
\BOOKMARK [1][-]{section.17}{\376\377\000F\000a\000t\000i\000g\000u\000e}{}% 90
\BOOKMARK [2][-]{subsection.17.1}{\376\377\000R\000o\000t\000a\000t\000i\000n\000g\000\040\000b\000e\000n\000d\000i\000n\000g\000\040\000t\000e\000s\000t}{section.17}% 91
\BOOKMARK [2][-]{subsection.17.2}{\376\377\000S\000-\000N\000\040\000C\000u\000r\000v\000e\000s}{section.17}% 92
\BOOKMARK [2][-]{subsection.17.3}{\376\377\000I\000m\000p\000r\000o\000v\000i\000n\000g\000\040\000f\000a\000t\000i\000g\000u\000e\000\040\000l\000i\000f\000e}{section.17}% 93
\BOOKMARK [1][-]{section.18}{\376\377\000C\000r\000e\000e\000p}{}% 94
\BOOKMARK [2][-]{subsection.18.1}{\376\377\000S\000t\000e\000a\000d\000y\000-\000s\000t\000a\000t\000e\000\040\000c\000r\000e\000e\000p}{section.18}% 95
\BOOKMARK [2][-]{subsection.18.2}{\376\377\000C\000r\000e\000e\000p\000\040\000l\000i\000f\000e\000\040\000t\000i\000m\000e}{section.18}% 96
\BOOKMARK [1][-]{section.19}{\376\377\000P\000o\000l\000y\000m\000e\000r\000\040\000C\000h\000e\000m\000i\000s\000t\000r\000y}{}% 97
\BOOKMARK [2][-]{subsection.19.1}{\376\377\000P\000o\000l\000y\000m\000e\000r\000i\000s\000a\000t\000i\000o\000n}{section.19}% 98
\BOOKMARK [3][-]{subsubsection.19.1.1}{\376\377\000A\000d\000d\000i\000t\000i\000o\000n\000\040\000p\000o\000l\000y\000m\000e\000r\000i\000s\000a\000t\000i\000o\000n}{subsection.19.1}% 99
\BOOKMARK [3][-]{subsubsection.19.1.2}{\376\377\000C\000o\000n\000d\000e\000n\000s\000a\000t\000i\000o\000n\000\040\000p\000o\000l\000y\000m\000e\000r\000i\000s\000a\000t\000i\000o\000n}{subsection.19.1}% 100
\BOOKMARK [2][-]{subsection.19.2}{\376\377\000P\000o\000l\000y\000m\000e\000r\000\040\000l\000e\000n\000g\000t\000h\000s\000\040\000a\000n\000d\000\040\000l\000e\000n\000g\000t\000h\000\040\000d\000i\000s\000t\000r\000i\000b\000u\000t\000i\000o\000n}{section.19}% 101
\BOOKMARK [3][-]{subsubsection.19.2.1}{\376\377\000M\000o\000l\000e\000c\000u\000l\000a\000r\000\040\000w\000e\000i\000g\000h\000t\000\040\000a\000n\000d\000\040\000r\000e\000a\000c\000t\000i\000o\000n\000\040\000s\000p\000e\000e\000d}{subsection.19.2}% 102
\BOOKMARK [3][-]{subsubsection.19.2.2}{\376\377\000M\000o\000l\000e\000c\000u\000l\000a\000r\000\040\000w\000e\000i\000g\000h\000t\000\040\000d\000i\000s\000t\000r\000i\000b\000u\000t\000i\000o\000n}{subsection.19.2}% 103
\BOOKMARK [3][-]{subsubsection.19.2.3}{\376\377\000D\000e\000g\000r\000e\000e\000\040\000o\000f\000\040\000p\000o\000l\000y\000m\000e\000r\000i\000s\000a\000t\000i\000o\000n}{subsection.19.2}% 104
\BOOKMARK [3][-]{subsubsection.19.2.4}{\376\377\000M\000a\000t\000e\000r\000i\000a\000l\000\040\000p\000r\000o\000p\000e\000r\000t\000i\000e\000s\000\040\000a\000n\000d\000\040\000m\000o\000l\000e\000c\000u\000l\000a\000r\000\040\000w\000e\000i\000g\000h\000t}{subsection.19.2}% 105
\BOOKMARK [2][-]{subsection.19.3}{\376\377\000M\000i\000x\000i\000n\000g\000\040\000p\000o\000l\000y\000m\000e\000r\000s}{section.19}% 106
\BOOKMARK [1][-]{section.20}{\376\377\000P\000o\000l\000y\000m\000e\000r\000\040\000P\000r\000o\000c\000e\000s\000s\000i\000n\000g\000\040\000a\000n\000d\000\040\000C\000o\000n\000v\000e\000r\000s\000i\000o\000n}{}% 107
\BOOKMARK [1][-]{section.21}{\376\377\000C\000o\000m\000p\000o\000s\000i\000t\000e\000s}{}% 108
\BOOKMARK [2][-]{subsection.21.1}{\376\377\000T\000h\000e\000\040\000a\000r\000c\000h\000i\000t\000e\000c\000t\000u\000r\000e\000\040\000o\000f\000\040\000c\000o\000m\000p\000o\000s\000i\000t\000e\000s}{section.21}% 109
\BOOKMARK [2][-]{subsection.21.2}{\376\377\000P\000a\000r\000t\000i\000c\000l\000e\000-\000r\000e\000i\000n\000f\000o\000r\000c\000e\000d\000\040\000c\000o\000m\000p\000o\000s\000i\000t\000e\000s}{section.21}% 110
\BOOKMARK [3][-]{subsubsection.21.2.1}{\376\377\000E\000l\000a\000s\000t\000i\000c\000\040\000m\000o\000d\000u\000l\000u\000s\000\040\000o\000f\000\040\000P\000a\000r\000t\000i\000c\000l\000e\000-\000R\000e\000i\000n\000f\000o\000r\000c\000e\000d\000\040\000C\000o\000m\000p\000o\000s\000i\000t\000e\000s}{subsection.21.2}% 111
\BOOKMARK [2][-]{subsection.21.3}{\376\377\000F\000i\000b\000e\000r\000-\000r\000e\000i\000n\000f\000o\000r\000c\000e\000d\000\040\000c\000o\000m\000p\000o\000s\000i\000t\000e\000s}{section.21}% 112
\BOOKMARK [3][-]{subsubsection.21.3.1}{\376\377\000F\000i\000b\000e\000r\000\040\000a\000l\000i\000g\000n\000m\000e\000n\000t}{subsection.21.3}% 113
\BOOKMARK [3][-]{subsubsection.21.3.2}{\376\377\000C\000r\000i\000t\000i\000c\000a\000l\000\040\000f\000i\000b\000e\000r\000\040\000l\000e\000n\000g\000t\000h}{subsection.21.3}% 114
\BOOKMARK [3][-]{subsubsection.21.3.3}{\376\377\000E\000s\000t\000i\000m\000a\000t\000i\000n\000g\000\040\000t\000h\000e\000\040\000e\000l\000a\000s\000t\000i\000c\000\040\000m\000o\000d\000u\000l\000u\000s\000\040\000a\000n\000d\000\040\000s\000t\000r\000e\000n\000g\000t\000h\000\040\000f\000o\000r\000\040\000f\000i\000b\000e\000r\000\040\000r\000e\000i\000n\000f\000o\000r\000c\000e\000d\000\040\000c\000o\000m\000p\000o\000s\000i\000t\000e\000s}{subsection.21.3}% 115
\BOOKMARK [2][-]{subsection.21.4}{\376\377\000S\000t\000r\000u\000c\000t\000u\000r\000a\000l\000\040\000c\000o\000m\000p\000o\000s\000i\000t\000e\000s}{section.21}% 116
\BOOKMARK [3][-]{subsubsection.21.4.1}{\376\377\000L\000a\000m\000i\000n\000a\000t\000e\000s}{subsection.21.4}% 117
\BOOKMARK [3][-]{subsubsection.21.4.2}{\376\377\000S\000a\000n\000d\000w\000i\000c\000h\000\040\000P\000a\000n\000e\000l\000s}{subsection.21.4}% 118
\BOOKMARK [1][-]{section.22}{\376\377\000P\000h\000a\000s\000e\000\040\000d\000i\000a\000g\000r\000a\000m\000s}{}% 119
\BOOKMARK [2][-]{subsection.22.1}{\376\377\000S\000o\000l\000u\000b\000i\000l\000i\000t\000y\000\040\000l\000i\000m\000i\000t}{section.22}% 120
\BOOKMARK [2][-]{subsection.22.2}{\376\377\000P\000h\000a\000s\000e\000s}{section.22}% 121
\BOOKMARK [2][-]{subsection.22.3}{\376\377\000M\000i\000c\000r\000o\000s\000t\000r\000u\000c\000t\000u\000r\000e}{section.22}% 122
\BOOKMARK [2][-]{subsection.22.4}{\376\377\000P\000h\000a\000s\000e\000\040\000e\000q\000u\000i\000l\000i\000b\000r\000i\000a}{section.22}% 123
\BOOKMARK [2][-]{subsection.22.5}{\376\377\000O\000n\000e\000-\000c\000o\000m\000p\000o\000n\000e\000n\000t\000\040\000\050\000u\000n\000a\000r\000y\000\051\000\040\000p\000h\000a\000s\000e\000\040\000d\000i\000a\000g\000r\000a\000m\000s}{section.22}% 124
\BOOKMARK [2][-]{subsection.22.6}{\376\377\000B\000i\000n\000a\000r\000y\000\040\000p\000h\000a\000s\000e\000\040\000d\000i\000a\000g\000r\000a\000m\000s}{section.22}% 125
\BOOKMARK [2][-]{subsection.22.7}{\376\377\000B\000i\000n\000a\000r\000y\000\040\000i\000s\000o\000m\000o\000r\000p\000h\000o\000u\000s\000\040\000s\000y\000s\000t\000e\000m\000s}{section.22}% 126
\BOOKMARK [2][-]{subsection.22.8}{\376\377\000I\000n\000t\000e\000r\000p\000r\000e\000t\000a\000t\000i\000o\000n\000\040\000o\000f\000\040\000p\000h\000a\000s\000e\000\040\000d\000i\000a\000g\000r\000a\000m\000s}{section.22}% 127
\BOOKMARK [3][-]{subsubsection.22.8.1}{\376\377\000P\000h\000a\000s\000e\000s\000\040\000p\000r\000e\000s\000e\000n\000t}{subsection.22.8}% 128
\BOOKMARK [3][-]{subsubsection.22.8.2}{\376\377\000D\000e\000t\000e\000r\000m\000i\000n\000a\000t\000i\000o\000n\000\040\000o\000f\000\040\000p\000h\000a\000s\000e\000\040\000c\000o\000m\000p\000o\000s\000i\000t\000i\000o\000n\000s}{subsection.22.8}% 129
\BOOKMARK [3][-]{subsubsection.22.8.3}{\376\377\000D\000e\000t\000e\000r\000m\000i\000n\000a\000t\000i\000o\000n\000\040\000o\000f\000\040\000p\000h\000a\000s\000e\000\040\000a\000m\000o\000u\000n\000t\000s}{subsection.22.8}% 130
\BOOKMARK [2][-]{subsection.22.9}{\376\377\000D\000e\000v\000e\000l\000o\000p\000m\000e\000n\000t\000\040\000o\000f\000\040\000m\000i\000c\000r\000o\000s\000t\000r\000u\000c\000t\000u\000r\000e\000\040\000i\000n\000\040\000i\000s\000o\000m\000o\000p\000h\000o\000u\000s\000\040\000a\000l\000l\000o\000y\000s}{section.22}% 131
\BOOKMARK [3][-]{subsubsection.22.9.1}{\376\377\000E\000q\000u\000i\000l\000i\000b\000r\000i\000u\000m\000\040\000C\000o\000o\000l\000i\000n\000g}{subsection.22.9}% 132
\BOOKMARK [3][-]{subsubsection.22.9.2}{\376\377\000N\000o\000n\000e\000q\000u\000i\000l\000i\000b\000r\000i\000u\000m\000\040\000c\000o\000o\000l\000i\000n\000g}{subsection.22.9}% 133
\BOOKMARK [2][-]{subsection.22.10}{\376\377\000M\000e\000c\000h\000a\000n\000i\000c\000a\000l\000\040\000p\000r\000o\000p\000e\000r\000t\000i\000e\000s\000\040\000o\000f\000\040\000i\000s\000o\000m\000o\000r\000p\000h\000o\000u\000s\000\040\000a\000l\000l\000o\000y\000s}{section.22}% 134
\BOOKMARK [2][-]{subsection.22.11}{\376\377\000B\000i\000n\000a\000r\000y\000\040\000e\000u\000t\000e\000c\000t\000u\000c\000\040\000s\000y\000s\000t\000e\000m\000s}{section.22}% 135
\BOOKMARK [2][-]{subsection.22.12}{\376\377\000D\000e\000v\000e\000l\000o\000p\000m\000e\000n\000t\000\040\000o\000f\000\040\000m\000i\000c\000r\000o\000s\000t\000r\000u\000c\000t\000u\000r\000e\000\040\000i\000n\000\040\000e\000u\000t\000e\000c\000t\000i\000c\000\040\000a\000l\000l\000o\000y\000s}{section.22}% 136
\BOOKMARK [2][-]{subsection.22.13}{\376\377\000E\000q\000u\000i\000l\000i\000b\000r\000i\000u\000m\000\040\000d\000i\000a\000g\000r\000a\000m\000s\000\040\000h\000a\000v\000i\000n\000g\000\040\000i\000n\000t\000e\000r\000m\000e\000d\000i\000a\000t\000e\000\040\000p\000h\000a\000s\000e\000s\000\040\000o\000r\000\040\000c\000o\000m\000p\000o\000u\000n\000d\000s}{section.22}% 137
\BOOKMARK [2][-]{subsection.22.14}{\376\377\000E\000u\000t\000e\000c\000t\000o\000i\000d\000\040\000a\000n\000d\000\040\000p\000e\000r\000i\000t\000e\000c\000t\000i\000c\000\040\000r\000e\000a\000c\000t\000i\000o\000n\000s}{section.22}% 138
\BOOKMARK [2][-]{subsection.22.15}{\376\377\000C\000o\000n\000g\000r\000u\000e\000n\000t\000\040\000p\000h\000a\000s\000e\000\040\000t\000r\000a\000n\000s\000f\000o\000r\000m\000a\000t\000i\000o\000n\000s}{section.22}% 139
\BOOKMARK [2][-]{subsection.22.16}{\376\377\000T\000h\000e\000\040\000G\000i\000b\000b\000s\000\040\000p\000h\000a\000s\000e\000\040\000r\000u\000l\000e}{section.22}% 140
\BOOKMARK [2][-]{subsection.22.17}{\376\377\000T\000h\000e\000\040\000i\000r\000o\000n\000-\000i\000r\000o\000n\000\040\000c\000a\000r\000b\000i\000d\000e\000\040\000p\000h\000a\000s\000e\000\040\000d\000i\000a\000g\000r\000a\000m}{section.22}% 141
\BOOKMARK [2][-]{subsection.22.18}{\376\377\000D\000e\000v\000e\000l\000o\000p\000m\000e\000n\000t\000\040\000o\000f\000\040\000m\000i\000c\000r\000o\000s\000t\000r\000u\000c\000t\000u\000r\000e\000\040\000i\000n\000\040\000i\000r\000o\000n\000-\000c\000a\000r\000b\000o\000n\000\040\000a\000l\000l\000o\000y\000s}{section.22}% 142
\BOOKMARK [2][-]{subsection.22.19}{\376\377\000T\000h\000e\000\040\000k\000i\000n\000e\000t\000i\000c\000s\000\040\000o\000f\000\040\000p\000h\000a\000s\000e\000\040\000t\000r\000a\000n\000s\000f\000o\000r\000m\000a\000t\000i\000o\000n\000s}{section.22}% 143
\BOOKMARK [3][-]{subsubsection.22.19.1}{\376\377\000N\000u\000c\000l\000e\000a\000t\000i\000o\000n}{subsection.22.19}% 144
\BOOKMARK [3][-]{subsubsection.22.19.2}{\376\377\000G\000r\000o\000w\000t\000h}{subsection.22.19}% 145
\BOOKMARK [3][-]{subsubsection.22.19.3}{\376\377\000K\000i\000n\000e\000t\000i\000c\000\040\000c\000o\000n\000s\000i\000d\000e\000r\000a\000t\000i\000o\000n\000s\000\040\000o\000f\000\040\000S\000o\000l\000i\000d\000-\000S\000t\000a\000t\000e\000\040\000T\000r\000a\000n\000s\000f\000o\000r\000m\000a\000t\000i\000o\000n\000s}{subsection.22.19}% 146
\BOOKMARK [2][-]{subsection.22.20}{\376\377\000I\000s\000o\000t\000h\000e\000r\000m\000a\000l\000\040\000t\000r\000a\000n\000s\000f\000o\000r\000m\000a\000t\000i\000o\000n\000\040\000d\000i\000a\000g\000r\000a\000m\000s}{section.22}% 147
\BOOKMARK [1][-]{section.23}{\376\377\000T\000h\000e\000r\000m\000a\000l\000\040\000p\000r\000o\000c\000e\000s\000s\000i\000n\000g\000\040\000o\000f\000\040\000m\000e\000t\000a\000l\000s}{}% 148
\BOOKMARK [2][-]{subsection.23.1}{\376\377\000A\000n\000n\000e\000a\000l\000i\000n\000g\000\040\000p\000r\000o\000c\000e\000s\000s\000e\000s}{section.23}% 149
\BOOKMARK [3][-]{subsubsection.23.1.1}{\376\377\000P\000r\000o\000c\000e\000s\000s\000\040\000a\000n\000n\000e\000a\000l\000i\000n\000g}{subsection.23.1}% 150
\BOOKMARK [3][-]{subsubsection.23.1.2}{\376\377\000S\000t\000r\000e\000s\000s\000\040\000r\000e\000l\000i\000e\000f}{subsection.23.1}% 151
\BOOKMARK [3][-]{subsubsection.23.1.3}{\376\377\000A\000n\000n\000e\000a\000l\000i\000n\000g\000\040\000o\000f\000\040\000f\000e\000r\000r\000o\000u\000s\000\040\000a\000l\000l\000o\000y\000s}{subsection.23.1}% 152
\BOOKMARK [2][-]{subsection.23.2}{\376\377\000H\000e\000a\000t\000\040\000t\000r\000e\000a\000t\000m\000e\000n\000t\000\040\000o\000f\000\040\000s\000t\000e\000e\000l\000s}{section.23}% 153
\BOOKMARK [3][-]{subsubsection.23.2.1}{\376\377\000H\000a\000r\000d\000e\000n\000a\000b\000i\000l\000i\000t\000y}{subsection.23.2}% 154
\BOOKMARK [2][-]{subsection.23.3}{\376\377\000P\000r\000e\000c\000i\000p\000i\000t\000a\000t\000i\000o\000n\000\040\000h\000a\000r\000d\000e\000n\000i\000n\000g}{section.23}% 155
\BOOKMARK [2][-]{subsection.23.4}{\376\377\000M\000e\000c\000h\000a\000n\000i\000s\000m\000\040\000o\000f\000\040\000h\000a\000r\000d\000e\000n\000i\000n\000g}{section.23}% 156
\BOOKMARK [1][-]{section.24}{\376\377\000C\000o\000r\000r\000o\000s\000i\000o\000n\000\040\000a\000n\000d\000\040\000D\000e\000g\000r\000a\000d\000a\000t\000i\000o\000n\000\040\000o\000f\000\040\000M\000a\000t\000e\000r\000i\000a\000l\000s}{}% 157
\BOOKMARK [2][-]{subsection.24.1}{\376\377\000I\000n\000t\000r\000o\000d\000u\000c\000t\000i\000o\000n}{section.24}% 158
\BOOKMARK [2][-]{subsection.24.2}{\376\377\000E\000l\000e\000c\000t\000r\000o\000c\000h\000e\000m\000i\000c\000a\000l\000\040\000c\000o\000n\000s\000i\000d\000e\000r\000a\000t\000i\000o\000n\000s}{section.24}% 159
\BOOKMARK [3][-]{subsubsection.24.2.1}{\376\377\000E\000l\000e\000c\000t\000r\000o\000d\000e\000\040\000p\000o\000t\000e\000n\000t\000i\000a\000l\000s}{subsection.24.2}% 160
\BOOKMARK [3][-]{subsubsection.24.2.2}{\376\377\000T\000h\000e\000\040\000s\000t\000a\000n\000d\000a\000r\000d\000\040\000E\000M\000F\000\040\000s\000e\000r\000i\000e\000s}{subsection.24.2}% 161
\BOOKMARK [3][-]{subsubsection.24.2.3}{\376\377\000I\000n\000f\000l\000u\000e\000n\000c\000e\000\040\000o\000f\000\040\000c\000o\000n\000c\000e\000n\000t\000r\000a\000t\000i\000o\000n\000\040\000a\000n\000d\000\040\000t\000e\000m\000p\000e\000r\000a\000t\000u\000r\000e\000\040\000o\000n\000\040\000c\000e\000l\000l\000\040\000p\000o\000t\000e\000n\000t\000i\000a\000l}{subsection.24.2}% 162
\BOOKMARK [3][-]{subsubsection.24.2.4}{\376\377\000T\000h\000e\000\040\000G\000a\000l\000v\000a\000n\000i\000c\000\040\000s\000e\000r\000i\000e\000s}{subsection.24.2}% 163
\BOOKMARK [2][-]{subsection.24.3}{\376\377\000C\000o\000r\000r\000o\000s\000i\000o\000n\000\040\000R\000a\000t\000e\000s}{section.24}% 164
\BOOKMARK [2][-]{subsection.24.4}{\376\377\000P\000r\000e\000d\000i\000c\000t\000i\000o\000n\000\040\000o\000f\000\040\000C\000o\000r\000r\000o\000s\000i\000o\000n\000\040\000R\000a\000t\000e\000s}{section.24}% 165
\BOOKMARK [3][-]{subsubsection.24.4.1}{\376\377\000P\000o\000l\000a\000r\000i\000z\000a\000t\000i\000o\000n}{subsection.24.4}% 166
\BOOKMARK [2][-]{subsection.24.5}{\376\377\000P\000a\000s\000s\000i\000v\000i\000t\000y}{section.24}% 167
\BOOKMARK [2][-]{subsection.24.6}{\376\377\000E\000n\000v\000i\000r\000o\000n\000m\000e\000n\000t\000a\000l\000\040\000E\000f\000f\000e\000c\000t\000s}{section.24}% 168
\BOOKMARK [2][-]{subsection.24.7}{\376\377\000F\000o\000r\000m\000s\000\040\000o\000f\000\040\000C\000o\000r\000r\000o\000s\000i\000o\000n}{section.24}% 169
\BOOKMARK [3][-]{subsubsection.24.7.1}{\376\377\000U\000n\000i\000f\000o\000r\000m\000\040\000a\000t\000t\000a\000c\000k}{subsection.24.7}% 170
\BOOKMARK [3][-]{subsubsection.24.7.2}{\376\377\000G\000a\000l\000v\000a\000n\000i\000c\000\040\000c\000o\000r\000r\000o\000s\000i\000o\000n}{subsection.24.7}% 171
\BOOKMARK [3][-]{subsubsection.24.7.3}{\376\377\000C\000r\000e\000v\000i\000c\000e\000\040\000c\000o\000r\000r\000o\000s\000i\000o\000n}{subsection.24.7}% 172
\BOOKMARK [3][-]{subsubsection.24.7.4}{\376\377\000P\000i\000t\000t\000i\000n\000g}{subsection.24.7}% 173
\BOOKMARK [3][-]{subsubsection.24.7.5}{\376\377\000I\000n\000t\000e\000r\000g\000r\000a\000n\000u\000l\000a\000r\000\040\000c\000o\000r\000r\000o\000s\000i\000o\000n}{subsection.24.7}% 174
\BOOKMARK [3][-]{subsubsection.24.7.6}{\376\377\000S\000e\000l\000e\000c\000t\000i\000v\000e\000\040\000l\000e\000a\000c\000h\000i\000n\000g}{subsection.24.7}% 175
\BOOKMARK [3][-]{subsubsection.24.7.7}{\376\377\000E\000r\000o\000s\000i\000o\000n\000-\000c\000o\000r\000r\000o\000s\000i\000o\000n}{subsection.24.7}% 176
\BOOKMARK [3][-]{subsubsection.24.7.8}{\376\377\000S\000t\000r\000e\000s\000s\000\040\000c\000o\000r\000r\000o\000s\000i\000o\000n}{subsection.24.7}% 177
\BOOKMARK [3][-]{subsubsection.24.7.9}{\376\377\000H\000y\000d\000r\000o\000g\000e\000n\000\040\000e\000m\000r\000i\000t\000t\000l\000e\000m\000e\000n\000t}{subsection.24.7}% 178
\BOOKMARK [2][-]{subsection.24.8}{\376\377\000C\000o\000r\000r\000o\000s\000i\000o\000n\000\040\000E\000n\000v\000i\000r\000o\000n\000m\000e\000n\000t\000s}{section.24}% 179
\BOOKMARK [2][-]{subsection.24.9}{\376\377\000C\000o\000r\000r\000o\000s\000i\000o\000n\000\040\000p\000r\000e\000v\000e\000n\000t\000i\000o\000n}{section.24}% 180
\BOOKMARK [3][-]{subsubsection.24.9.1}{\376\377\000C\000a\000t\000h\000o\000d\000i\000c\000\040\000p\000r\000o\000t\000e\000c\000t\000i\000o\000n}{subsection.24.9}% 181
\BOOKMARK [2][-]{subsection.24.10}{\376\377\000O\000x\000i\000d\000a\000t\000i\000o\000n}{section.24}% 182
\BOOKMARK [3][-]{subsubsection.24.10.1}{\376\377\000M\000e\000c\000h\000a\000n\000i\000s\000m\000s}{subsection.24.10}% 183
\BOOKMARK [3][-]{subsubsection.24.10.2}{\376\377\000S\000c\000a\000l\000e\000\040\000t\000y\000p\000e\000s}{subsection.24.10}% 184
\BOOKMARK [3][-]{subsubsection.24.10.3}{\376\377\000K\000i\000n\000e\000t\000i\000c\000s}{subsection.24.10}% 185
\BOOKMARK [3][-]{subsubsection.24.10.4}{\376\377\000C\000o\000r\000r\000o\000s\000i\000o\000n\000\040\000o\000f\000\040\000c\000e\000r\000a\000m\000i\000c\000\040\000m\000a\000t\000e\000r\000i\000a\000l\000s}{subsection.24.10}% 186
\BOOKMARK [3][-]{subsubsection.24.10.5}{\376\377\000D\000e\000g\000r\000a\000d\000a\000t\000i\000o\000n\000\040\000o\000f\000\040\000p\000o\000l\000y\000m\000e\000r\000s}{subsection.24.10}% 187
\BOOKMARK [2][-]{subsection.24.11}{\376\377\000S\000w\000e\000l\000l\000i\000n\000g\000\040\000a\000n\000d\000\040\000D\000i\000s\000s\000o\000l\000u\000t\000i\000o\000n}{section.24}% 188
\BOOKMARK [2][-]{subsection.24.12}{\376\377\000B\000o\000n\000d\000\040\000R\000u\000p\000t\000u\000r\000e}{section.24}% 189
\BOOKMARK [3][-]{subsubsection.24.12.1}{\376\377\000R\000a\000d\000i\000a\000t\000i\000o\000n\000\040\000e\000f\000f\000e\000c\000t\000s}{subsection.24.12}% 190
\BOOKMARK [3][-]{subsubsection.24.12.2}{\376\377\000C\000h\000e\000m\000i\000c\000a\000l\000\040\000r\000e\000a\000c\000t\000i\000o\000n\000\040\000e\000f\000f\000e\000c\000t\000s}{subsection.24.12}% 191
\BOOKMARK [3][-]{subsubsection.24.12.3}{\376\377\000T\000h\000e\000r\000m\000a\000l\000\040\000e\000f\000f\000e\000c\000t\000s}{subsection.24.12}% 192
\BOOKMARK [2][-]{subsection.24.13}{\376\377\000W\000e\000a\000t\000h\000e\000r\000i\000n\000g}{section.24}% 193
